<?xml version="1.0" encoding="UTF-8"?>
<!-- Generated by org.testng.reporters.JUnitXMLReporter -->
<testsuite ignored="17" hostname="QU2301" failures="7" tests="8" name="Test for the JJill application(failed)" time="459.936" errors="0" timestamp="24 Jul 2023 20:43:06 GMT">
  <testcase classname="com.JJill.testcases.TestCases" name="verifyPDP_CompletetheLook" time="34.655">
    <failure type="org.openqa.selenium.NoSuchElementException" message="no such element: Unable to locate element: {&amp;quot;method&amp;quot;:&amp;quot;xpath&amp;quot;,&amp;quot;selector&amp;quot;:&amp;quot;//p[contains(text(),&amp;apos;complete the look&amp;apos;)]&amp;quot;}
  (Session info: chrome=114.0.5735.199)
For documentation on this error, please visit: https://www.seleniumhq.org/exceptions/no_such_element.html
Build info: version: &amp;apos;3.141.59&amp;apos;, revision: &amp;apos;e82be7d358&amp;apos;, time: &amp;apos;2018-11-14T08:17:03&amp;apos;
System info: host: &amp;apos;QU2301&amp;apos;, ip: &amp;apos;192.168.254.66&amp;apos;, os.name: &amp;apos;Windows 11&amp;apos;, os.arch: &amp;apos;amd64&amp;apos;, os.version: &amp;apos;10.0&amp;apos;, java.version: &amp;apos;17.0.7&amp;apos;
Driver info: org.openqa.selenium.chrome.ChromeDriver
Capabilities {acceptInsecureCerts: false, browserName: chrome, browserVersion: 114.0.5735.199, chrome: {chromedriverVersion: 114.0.5735.90 (386bc09e8f4f..., userDataDir: C:\Users\NIKHIT~1.MUT\AppDa...}, goog:chromeOptions: {debuggerAddress: localhost:63232}, javascriptEnabled: true, networkConnectionEnabled: false, pageLoadStrategy: normal, platform: WINDOWS, platformName: WINDOWS, proxy: Proxy(), setWindowRect: true, strictFileInteractability: false, timeouts: {implicit: 0, pageLoad: 300000, script: 30000}, unhandledPromptBehavior: dismiss and notify, webauthn:extension:credBlob: true, webauthn:extension:largeBlob: true, webauthn:extension:minPinLength: true, webauthn:extension:prf: true, webauthn:virtualAuthenticators: true}
Session ID: 394b660b256ef249fca65466cc3e86a4
*** Element info: {Using=xpath, value=//p[contains(text(),&amp;apos;complete the look&amp;apos;)]}">
      <![CDATA[org.openqa.selenium.NoSuchElementException: no such element: Unable to locate element: {"method":"xpath","selector":"//p[contains(text(),'complete the look')]"}
  (Session info: chrome=114.0.5735.199)
For documentation on this error, please visit: https://www.seleniumhq.org/exceptions/no_such_element.html
Build info: version: '3.141.59', revision: 'e82be7d358', time: '2018-11-14T08:17:03'
System info: host: 'QU2301', ip: '192.168.254.66', os.name: 'Windows 11', os.arch: 'amd64', os.version: '10.0', java.version: '17.0.7'
Driver info: org.openqa.selenium.chrome.ChromeDriver
Capabilities {acceptInsecureCerts: false, browserName: chrome, browserVersion: 114.0.5735.199, chrome: {chromedriverVersion: 114.0.5735.90 (386bc09e8f4f..., userDataDir: C:\Users\NIKHIT~1.MUT\AppDa...}, goog:chromeOptions: {debuggerAddress: localhost:63232}, javascriptEnabled: true, networkConnectionEnabled: false, pageLoadStrategy: normal, platform: WINDOWS, platformName: WINDOWS, proxy: Proxy(), setWindowRect: true, strictFileInteractability: false, timeouts: {implicit: 0, pageLoad: 300000, script: 30000}, unhandledPromptBehavior: dismiss and notify, webauthn:extension:credBlob: true, webauthn:extension:largeBlob: true, webauthn:extension:minPinLength: true, webauthn:extension:prf: true, webauthn:virtualAuthenticators: true}
Session ID: 394b660b256ef249fca65466cc3e86a4
*** Element info: {Using=xpath, value=//p[contains(text(),'complete the look')]}
	at org.openqa.selenium.remote.http.W3CHttpResponseCodec.createException(W3CHttpResponseCodec.java:187)
	at org.openqa.selenium.remote.http.W3CHttpResponseCodec.decode(W3CHttpResponseCodec.java:122)
	at org.openqa.selenium.remote.http.W3CHttpResponseCodec.decode(W3CHttpResponseCodec.java:49)
	at org.openqa.selenium.remote.HttpCommandExecutor.execute(HttpCommandExecutor.java:158)
	at org.openqa.selenium.remote.service.DriverCommandExecutor.execute(DriverCommandExecutor.java:83)
	at org.openqa.selenium.remote.RemoteWebDriver.execute(RemoteWebDriver.java:552)
	at org.openqa.selenium.remote.RemoteWebDriver.findElement(RemoteWebDriver.java:323)
	at org.openqa.selenium.remote.RemoteWebDriver.findElementByXPath(RemoteWebDriver.java:428)
	at org.openqa.selenium.By$ByXPath.findElement(By.java:353)
	at org.openqa.selenium.remote.RemoteWebDriver.findElement(RemoteWebDriver.java:315)
	at org.openqa.selenium.support.pagefactory.DefaultElementLocator.findElement(DefaultElementLocator.java:69)
	at org.openqa.selenium.support.pagefactory.internal.LocatingElementHandler.invoke(LocatingElementHandler.java:38)
	at jdk.proxy2/jdk.proxy2.$Proxy12.isDisplayed(Unknown Source)
	at pages.PLP_Search_CLT_STL_Functionality.validatePDPCompletetheLook(PLP_Search_CLT_STL_Functionality.java:329)
	at com.JJill.testcases.TestCases.verifyPDP_CompletetheLook(TestCases.java:77)
... Removed 30 stack frames]]>
    </failure>
  </testcase> <!-- verifyPDP_CompletetheLook -->
  <testcase classname="com.JJill.testcases.TestCases" name="verifyHeaderFunctionality" time="23.981">
    <failure type="java.lang.AssertionError" message="expected [true] but found [false]">
      <![CDATA[java.lang.AssertionError: expected [true] but found [false]
	at pages.Header_Footer_Functionality.validateHeader(Header_Footer_Functionality.java:283)
	at com.JJill.testcases.TestCases.verifyHeaderFunctionality(TestCases.java:121)
... Removed 31 stack frames]]>
    </failure>
  </testcase> <!-- verifyHeaderFunctionality -->
  <testcase classname="com.JJill.testcases.TestCases" name="verifyShoptheLook" time="14.082">
    <failure type="org.openqa.selenium.ElementClickInterceptedException" message="element click intercepted: Element &amp;lt;a href=&amp;quot;/must-have-outfits&amp;quot; data-link-attr=&amp;quot;LeftNav:New-arrivals-Features-...&amp;quot; role=&amp;quot;link&amp;quot; data-rsf-prefetch=&amp;quot;always&amp;quot;&amp;gt;Must-Have Outfits&amp;lt;/a&amp;gt; is not clickable at point (131, 10). Other element would receive the click: &amp;lt;div class=&amp;quot;jss20&amp;quot;&amp;gt;...&amp;lt;/div&amp;gt;
  (Session info: chrome=114.0.5735.199)
Build info: version: &amp;apos;3.141.59&amp;apos;, revision: &amp;apos;e82be7d358&amp;apos;, time: &amp;apos;2018-11-14T08:17:03&amp;apos;
System info: host: &amp;apos;QU2301&amp;apos;, ip: &amp;apos;192.168.254.66&amp;apos;, os.name: &amp;apos;Windows 11&amp;apos;, os.arch: &amp;apos;amd64&amp;apos;, os.version: &amp;apos;10.0&amp;apos;, java.version: &amp;apos;17.0.7&amp;apos;
Driver info: org.openqa.selenium.chrome.ChromeDriver
Capabilities {acceptInsecureCerts: false, browserName: chrome, browserVersion: 114.0.5735.199, chrome: {chromedriverVersion: 114.0.5735.90 (386bc09e8f4f..., userDataDir: C:\Users\NIKHIT~1.MUT\AppDa...}, goog:chromeOptions: {debuggerAddress: localhost:63564}, javascriptEnabled: true, networkConnectionEnabled: false, pageLoadStrategy: normal, platform: WINDOWS, platformName: WINDOWS, proxy: Proxy(), setWindowRect: true, strictFileInteractability: false, timeouts: {implicit: 0, pageLoad: 300000, script: 30000}, unhandledPromptBehavior: dismiss and notify, webauthn:extension:credBlob: true, webauthn:extension:largeBlob: true, webauthn:extension:minPinLength: true, webauthn:extension:prf: true, webauthn:virtualAuthenticators: true}
Session ID: e30025c15f1dd7e4a46797cd101329f6">
      <![CDATA[org.openqa.selenium.ElementClickInterceptedException: element click intercepted: Element <a href="/must-have-outfits" data-link-attr="LeftNav:New-arrivals-Features-..." role="link" data-rsf-prefetch="always">Must-Have Outfits</a> is not clickable at point (131, 10). Other element would receive the click: <div class="jss20">...</div>
  (Session info: chrome=114.0.5735.199)
Build info: version: '3.141.59', revision: 'e82be7d358', time: '2018-11-14T08:17:03'
System info: host: 'QU2301', ip: '192.168.254.66', os.name: 'Windows 11', os.arch: 'amd64', os.version: '10.0', java.version: '17.0.7'
Driver info: org.openqa.selenium.chrome.ChromeDriver
Capabilities {acceptInsecureCerts: false, browserName: chrome, browserVersion: 114.0.5735.199, chrome: {chromedriverVersion: 114.0.5735.90 (386bc09e8f4f..., userDataDir: C:\Users\NIKHIT~1.MUT\AppDa...}, goog:chromeOptions: {debuggerAddress: localhost:63564}, javascriptEnabled: true, networkConnectionEnabled: false, pageLoadStrategy: normal, platform: WINDOWS, platformName: WINDOWS, proxy: Proxy(), setWindowRect: true, strictFileInteractability: false, timeouts: {implicit: 0, pageLoad: 300000, script: 30000}, unhandledPromptBehavior: dismiss and notify, webauthn:extension:credBlob: true, webauthn:extension:largeBlob: true, webauthn:extension:minPinLength: true, webauthn:extension:prf: true, webauthn:virtualAuthenticators: true}
Session ID: e30025c15f1dd7e4a46797cd101329f6
	at org.openqa.selenium.remote.http.W3CHttpResponseCodec.createException(W3CHttpResponseCodec.java:187)
	at org.openqa.selenium.remote.http.W3CHttpResponseCodec.decode(W3CHttpResponseCodec.java:122)
	at org.openqa.selenium.remote.http.W3CHttpResponseCodec.decode(W3CHttpResponseCodec.java:49)
	at org.openqa.selenium.remote.HttpCommandExecutor.execute(HttpCommandExecutor.java:158)
	at org.openqa.selenium.remote.service.DriverCommandExecutor.execute(DriverCommandExecutor.java:83)
	at org.openqa.selenium.remote.RemoteWebDriver.execute(RemoteWebDriver.java:552)
	at org.openqa.selenium.remote.RemoteWebElement.execute(RemoteWebElement.java:285)
	at org.openqa.selenium.remote.RemoteWebElement.click(RemoteWebElement.java:84)
	at org.openqa.selenium.support.pagefactory.internal.LocatingElementHandler.invoke(LocatingElementHandler.java:51)
	at jdk.proxy2/jdk.proxy2.$Proxy12.click(Unknown Source)
	at pages.AddProduct.selectSTLDepartment(AddProduct.java:241)
	at com.JJill.testcases.TestCases.verifyShoptheLook(TestCases.java:84)
... Removed 34 stack frames]]>
    </failure>
  </testcase> <!-- verifyShoptheLook -->
  <testcase classname="com.JJill.testcases.TestCases" name="verifyCompletetheLook" time="30.308">
    <failure type="org.openqa.selenium.NoSuchElementException" message="no such element: Unable to locate element: {&amp;quot;method&amp;quot;:&amp;quot;xpath&amp;quot;,&amp;quot;selector&amp;quot;:&amp;quot;//p[contains(text(),&amp;apos;complete the look&amp;apos;)]&amp;quot;}
  (Session info: chrome=114.0.5735.199)
For documentation on this error, please visit: https://www.seleniumhq.org/exceptions/no_such_element.html
Build info: version: &amp;apos;3.141.59&amp;apos;, revision: &amp;apos;e82be7d358&amp;apos;, time: &amp;apos;2018-11-14T08:17:03&amp;apos;
System info: host: &amp;apos;QU2301&amp;apos;, ip: &amp;apos;192.168.254.66&amp;apos;, os.name: &amp;apos;Windows 11&amp;apos;, os.arch: &amp;apos;amd64&amp;apos;, os.version: &amp;apos;10.0&amp;apos;, java.version: &amp;apos;17.0.7&amp;apos;
Driver info: org.openqa.selenium.chrome.ChromeDriver
Capabilities {acceptInsecureCerts: false, browserName: chrome, browserVersion: 114.0.5735.199, chrome: {chromedriverVersion: 114.0.5735.90 (386bc09e8f4f..., userDataDir: C:\Users\NIKHIT~1.MUT\AppDa...}, goog:chromeOptions: {debuggerAddress: localhost:63667}, javascriptEnabled: true, networkConnectionEnabled: false, pageLoadStrategy: normal, platform: WINDOWS, platformName: WINDOWS, proxy: Proxy(), setWindowRect: true, strictFileInteractability: false, timeouts: {implicit: 0, pageLoad: 300000, script: 30000}, unhandledPromptBehavior: dismiss and notify, webauthn:extension:credBlob: true, webauthn:extension:largeBlob: true, webauthn:extension:minPinLength: true, webauthn:extension:prf: true, webauthn:virtualAuthenticators: true}
Session ID: 7264e22453e5391a4a1e87bc1534d507
*** Element info: {Using=xpath, value=//p[contains(text(),&amp;apos;complete the look&amp;apos;)]}">
      <![CDATA[org.openqa.selenium.NoSuchElementException: no such element: Unable to locate element: {"method":"xpath","selector":"//p[contains(text(),'complete the look')]"}
  (Session info: chrome=114.0.5735.199)
For documentation on this error, please visit: https://www.seleniumhq.org/exceptions/no_such_element.html
Build info: version: '3.141.59', revision: 'e82be7d358', time: '2018-11-14T08:17:03'
System info: host: 'QU2301', ip: '192.168.254.66', os.name: 'Windows 11', os.arch: 'amd64', os.version: '10.0', java.version: '17.0.7'
Driver info: org.openqa.selenium.chrome.ChromeDriver
Capabilities {acceptInsecureCerts: false, browserName: chrome, browserVersion: 114.0.5735.199, chrome: {chromedriverVersion: 114.0.5735.90 (386bc09e8f4f..., userDataDir: C:\Users\NIKHIT~1.MUT\AppDa...}, goog:chromeOptions: {debuggerAddress: localhost:63667}, javascriptEnabled: true, networkConnectionEnabled: false, pageLoadStrategy: normal, platform: WINDOWS, platformName: WINDOWS, proxy: Proxy(), setWindowRect: true, strictFileInteractability: false, timeouts: {implicit: 0, pageLoad: 300000, script: 30000}, unhandledPromptBehavior: dismiss and notify, webauthn:extension:credBlob: true, webauthn:extension:largeBlob: true, webauthn:extension:minPinLength: true, webauthn:extension:prf: true, webauthn:virtualAuthenticators: true}
Session ID: 7264e22453e5391a4a1e87bc1534d507
*** Element info: {Using=xpath, value=//p[contains(text(),'complete the look')]}
	at org.openqa.selenium.remote.http.W3CHttpResponseCodec.createException(W3CHttpResponseCodec.java:187)
	at org.openqa.selenium.remote.http.W3CHttpResponseCodec.decode(W3CHttpResponseCodec.java:122)
	at org.openqa.selenium.remote.http.W3CHttpResponseCodec.decode(W3CHttpResponseCodec.java:49)
	at org.openqa.selenium.remote.HttpCommandExecutor.execute(HttpCommandExecutor.java:158)
	at org.openqa.selenium.remote.service.DriverCommandExecutor.execute(DriverCommandExecutor.java:83)
	at org.openqa.selenium.remote.RemoteWebDriver.execute(RemoteWebDriver.java:552)
	at org.openqa.selenium.remote.RemoteWebDriver.findElement(RemoteWebDriver.java:323)
	at org.openqa.selenium.remote.RemoteWebDriver.findElementByXPath(RemoteWebDriver.java:428)
	at org.openqa.selenium.By$ByXPath.findElement(By.java:353)
	at org.openqa.selenium.remote.RemoteWebDriver.findElement(RemoteWebDriver.java:315)
	at org.openqa.selenium.support.pagefactory.DefaultElementLocator.findElement(DefaultElementLocator.java:69)
	at org.openqa.selenium.support.pagefactory.internal.LocatingElementHandler.invoke(LocatingElementHandler.java:38)
	at jdk.proxy2/jdk.proxy2.$Proxy12.isDisplayed(Unknown Source)
	at pages.PLP_Search_CLT_STL_Functionality.validateCompletetheLook(PLP_Search_CLT_STL_Functionality.java:261)
	at com.JJill.testcases.TestCases.verifyCompletetheLook(TestCases.java:69)
... Removed 30 stack frames]]>
    </failure>
  </testcase> <!-- verifyCompletetheLook -->
  <testcase classname="com.JJill.testcases.TestCases" name="verifySearchFunctionality" time="223.59"/>
  <testcase classname="com.JJill.testcases.TestCases" name="verifyremoveProductsShoppingbag" time="31.431">
    <failure type="org.openqa.selenium.NoSuchElementException" message="no such element: Unable to locate element: {&amp;quot;method&amp;quot;:&amp;quot;xpath&amp;quot;,&amp;quot;selector&amp;quot;:&amp;quot;//div[text()=&amp;apos;bag&amp;apos;]&amp;quot;}
  (Session info: chrome=114.0.5735.199)
For documentation on this error, please visit: https://www.seleniumhq.org/exceptions/no_such_element.html
Build info: version: &amp;apos;3.141.59&amp;apos;, revision: &amp;apos;e82be7d358&amp;apos;, time: &amp;apos;2018-11-14T08:17:03&amp;apos;
System info: host: &amp;apos;QU2301&amp;apos;, ip: &amp;apos;192.168.254.66&amp;apos;, os.name: &amp;apos;Windows 11&amp;apos;, os.arch: &amp;apos;amd64&amp;apos;, os.version: &amp;apos;10.0&amp;apos;, java.version: &amp;apos;17.0.7&amp;apos;
Driver info: org.openqa.selenium.chrome.ChromeDriver
Capabilities {acceptInsecureCerts: false, browserName: chrome, browserVersion: 114.0.5735.199, chrome: {chromedriverVersion: 114.0.5735.90 (386bc09e8f4f..., userDataDir: C:\Users\NIKHIT~1.MUT\AppDa...}, goog:chromeOptions: {debuggerAddress: localhost:63975}, javascriptEnabled: true, networkConnectionEnabled: false, pageLoadStrategy: normal, platform: WINDOWS, platformName: WINDOWS, proxy: Proxy(), setWindowRect: true, strictFileInteractability: false, timeouts: {implicit: 0, pageLoad: 300000, script: 30000}, unhandledPromptBehavior: dismiss and notify, webauthn:extension:credBlob: true, webauthn:extension:largeBlob: true, webauthn:extension:minPinLength: true, webauthn:extension:prf: true, webauthn:virtualAuthenticators: true}
Session ID: 1cc3e4d25b218299cc1d84f460ceafa7
*** Element info: {Using=xpath, value=//div[text()=&amp;apos;bag&amp;apos;]}">
      <![CDATA[org.openqa.selenium.NoSuchElementException: no such element: Unable to locate element: {"method":"xpath","selector":"//div[text()='bag']"}
  (Session info: chrome=114.0.5735.199)
For documentation on this error, please visit: https://www.seleniumhq.org/exceptions/no_such_element.html
Build info: version: '3.141.59', revision: 'e82be7d358', time: '2018-11-14T08:17:03'
System info: host: 'QU2301', ip: '192.168.254.66', os.name: 'Windows 11', os.arch: 'amd64', os.version: '10.0', java.version: '17.0.7'
Driver info: org.openqa.selenium.chrome.ChromeDriver
Capabilities {acceptInsecureCerts: false, browserName: chrome, browserVersion: 114.0.5735.199, chrome: {chromedriverVersion: 114.0.5735.90 (386bc09e8f4f..., userDataDir: C:\Users\NIKHIT~1.MUT\AppDa...}, goog:chromeOptions: {debuggerAddress: localhost:63975}, javascriptEnabled: true, networkConnectionEnabled: false, pageLoadStrategy: normal, platform: WINDOWS, platformName: WINDOWS, proxy: Proxy(), setWindowRect: true, strictFileInteractability: false, timeouts: {implicit: 0, pageLoad: 300000, script: 30000}, unhandledPromptBehavior: dismiss and notify, webauthn:extension:credBlob: true, webauthn:extension:largeBlob: true, webauthn:extension:minPinLength: true, webauthn:extension:prf: true, webauthn:virtualAuthenticators: true}
Session ID: 1cc3e4d25b218299cc1d84f460ceafa7
*** Element info: {Using=xpath, value=//div[text()='bag']}
	at org.openqa.selenium.remote.http.W3CHttpResponseCodec.createException(W3CHttpResponseCodec.java:187)
	at org.openqa.selenium.remote.http.W3CHttpResponseCodec.decode(W3CHttpResponseCodec.java:122)
	at org.openqa.selenium.remote.http.W3CHttpResponseCodec.decode(W3CHttpResponseCodec.java:49)
	at org.openqa.selenium.remote.HttpCommandExecutor.execute(HttpCommandExecutor.java:158)
	at org.openqa.selenium.remote.service.DriverCommandExecutor.execute(DriverCommandExecutor.java:83)
	at org.openqa.selenium.remote.RemoteWebDriver.execute(RemoteWebDriver.java:552)
	at org.openqa.selenium.remote.RemoteWebDriver.findElement(RemoteWebDriver.java:323)
	at org.openqa.selenium.remote.RemoteWebDriver.findElementByXPath(RemoteWebDriver.java:428)
	at org.openqa.selenium.By$ByXPath.findElement(By.java:353)
	at org.openqa.selenium.remote.RemoteWebDriver.findElement(RemoteWebDriver.java:315)
	at org.openqa.selenium.support.pagefactory.DefaultElementLocator.findElement(DefaultElementLocator.java:69)
	at org.openqa.selenium.support.pagefactory.internal.LocatingElementHandler.invoke(LocatingElementHandler.java:38)
	at jdk.proxy2/jdk.proxy2.$Proxy12.click(Unknown Source)
	at pages.AddProduct.selectshoppingbag(AddProduct.java:331)
	at com.JJill.testcases.TestCases.verifyremoveProductsShoppingbag(TestCases.java:102)
... Removed 30 stack frames]]>
    </failure>
  </testcase> <!-- verifyremoveProductsShoppingbag -->
  <testcase classname="com.JJill.testcases.TestCases" name="verifyInventoryData" time="39.921">
    <failure type="org.openqa.selenium.NoSuchElementException" message="no such element: Unable to locate element: {&amp;quot;method&amp;quot;:&amp;quot;xpath&amp;quot;,&amp;quot;selector&amp;quot;:&amp;quot;//p[contains(text(),&amp;apos;QTY&amp;apos;)]/../../../../p&amp;quot;}
  (Session info: chrome=114.0.5735.199)
For documentation on this error, please visit: https://www.seleniumhq.org/exceptions/no_such_element.html
Build info: version: &amp;apos;3.141.59&amp;apos;, revision: &amp;apos;e82be7d358&amp;apos;, time: &amp;apos;2018-11-14T08:17:03&amp;apos;
System info: host: &amp;apos;QU2301&amp;apos;, ip: &amp;apos;192.168.254.66&amp;apos;, os.name: &amp;apos;Windows 11&amp;apos;, os.arch: &amp;apos;amd64&amp;apos;, os.version: &amp;apos;10.0&amp;apos;, java.version: &amp;apos;17.0.7&amp;apos;
Driver info: org.openqa.selenium.chrome.ChromeDriver
Capabilities {acceptInsecureCerts: false, browserName: chrome, browserVersion: 114.0.5735.199, chrome: {chromedriverVersion: 114.0.5735.90 (386bc09e8f4f..., userDataDir: C:\Users\NIKHIT~1.MUT\AppDa...}, goog:chromeOptions: {debuggerAddress: localhost:64080}, javascriptEnabled: true, networkConnectionEnabled: false, pageLoadStrategy: normal, platform: WINDOWS, platformName: WINDOWS, proxy: Proxy(), setWindowRect: true, strictFileInteractability: false, timeouts: {implicit: 0, pageLoad: 300000, script: 30000}, unhandledPromptBehavior: dismiss and notify, webauthn:extension:credBlob: true, webauthn:extension:largeBlob: true, webauthn:extension:minPinLength: true, webauthn:extension:prf: true, webauthn:virtualAuthenticators: true}
Session ID: c261d8d4ffa419a9f08db5f5f25ab3ae
*** Element info: {Using=xpath, value=//p[contains(text(),&amp;apos;QTY&amp;apos;)]/../../../../p}">
      <![CDATA[org.openqa.selenium.NoSuchElementException: no such element: Unable to locate element: {"method":"xpath","selector":"//p[contains(text(),'QTY')]/../../../../p"}
  (Session info: chrome=114.0.5735.199)
For documentation on this error, please visit: https://www.seleniumhq.org/exceptions/no_such_element.html
Build info: version: '3.141.59', revision: 'e82be7d358', time: '2018-11-14T08:17:03'
System info: host: 'QU2301', ip: '192.168.254.66', os.name: 'Windows 11', os.arch: 'amd64', os.version: '10.0', java.version: '17.0.7'
Driver info: org.openqa.selenium.chrome.ChromeDriver
Capabilities {acceptInsecureCerts: false, browserName: chrome, browserVersion: 114.0.5735.199, chrome: {chromedriverVersion: 114.0.5735.90 (386bc09e8f4f..., userDataDir: C:\Users\NIKHIT~1.MUT\AppDa...}, goog:chromeOptions: {debuggerAddress: localhost:64080}, javascriptEnabled: true, networkConnectionEnabled: false, pageLoadStrategy: normal, platform: WINDOWS, platformName: WINDOWS, proxy: Proxy(), setWindowRect: true, strictFileInteractability: false, timeouts: {implicit: 0, pageLoad: 300000, script: 30000}, unhandledPromptBehavior: dismiss and notify, webauthn:extension:credBlob: true, webauthn:extension:largeBlob: true, webauthn:extension:minPinLength: true, webauthn:extension:prf: true, webauthn:virtualAuthenticators: true}
Session ID: c261d8d4ffa419a9f08db5f5f25ab3ae
*** Element info: {Using=xpath, value=//p[contains(text(),'QTY')]/../../../../p}
	at org.openqa.selenium.remote.http.W3CHttpResponseCodec.createException(W3CHttpResponseCodec.java:187)
	at org.openqa.selenium.remote.http.W3CHttpResponseCodec.decode(W3CHttpResponseCodec.java:122)
	at org.openqa.selenium.remote.http.W3CHttpResponseCodec.decode(W3CHttpResponseCodec.java:49)
	at org.openqa.selenium.remote.HttpCommandExecutor.execute(HttpCommandExecutor.java:158)
	at org.openqa.selenium.remote.service.DriverCommandExecutor.execute(DriverCommandExecutor.java:83)
	at org.openqa.selenium.remote.RemoteWebDriver.execute(RemoteWebDriver.java:552)
	at org.openqa.selenium.remote.RemoteWebDriver.findElement(RemoteWebDriver.java:323)
	at org.openqa.selenium.remote.RemoteWebDriver.findElementByXPath(RemoteWebDriver.java:428)
	at org.openqa.selenium.By$ByXPath.findElement(By.java:353)
	at org.openqa.selenium.remote.RemoteWebDriver.findElement(RemoteWebDriver.java:315)
	at org.openqa.selenium.support.pagefactory.DefaultElementLocator.findElement(DefaultElementLocator.java:69)
	at org.openqa.selenium.support.pagefactory.internal.LocatingElementHandler.invoke(LocatingElementHandler.java:38)
	at jdk.proxy2/jdk.proxy2.$Proxy12.getText(Unknown Source)
	at pages.PDP_QuickLook_Functionality.validateOOSFunctionality(PDP_QuickLook_Functionality.java:662)
	at com.JJill.testcases.TestCases.verifyInventoryData(TestCases.java:138)
... Removed 30 stack frames]]>
    </failure>
  </testcase> <!-- verifyInventoryData -->
  <testcase classname="com.JJill.testcases.TestCases" name="verifyQuickLookFunctionality" time="26.096">
    <failure type="java.lang.AssertionError" message="expected [true] but found [false]">
      <![CDATA[java.lang.AssertionError: expected [true] but found [false]
	at pages.PDP_QuickLook_Functionality.validateQuickLookScreen(PDP_QuickLook_Functionality.java:377)
	at com.JJill.testcases.TestCases.verifyQuickLookFunctionality(TestCases.java:150)
... Removed 31 stack frames]]>
    </failure>
  </testcase> <!-- verifyQuickLookFunctionality -->
  <testcase classname="com.JJill.testcases.TestCases" name="verify_Guest_GiftcardasPayment_CheckoutFunctionality" time="0.0">
    <ignored/>
  </testcase> <!-- verify_Guest_GiftcardasPayment_CheckoutFunctionality -->
  <testcase classname="com.JJill.testcases.TestCases" name="verify_Guest_JJCCPayment_CheckoutFunctionality" time="0.0">
    <ignored/>
  </testcase> <!-- verify_Guest_JJCCPayment_CheckoutFunctionality -->
  <testcase classname="com.JJill.testcases.TestCases" name="verifyPLPFunctionality" time="0.0">
    <ignored/>
  </testcase> <!-- verifyPLPFunctionality -->
  <testcase classname="com.JJill.testcases.TestCases" name="verifyFooterFunctionality" time="0.0">
    <ignored/>
  </testcase> <!-- verifyFooterFunctionality -->
  <testcase classname="com.JJill.testcases.TestCases" name="verifyLoginInFunctionality" time="0.0">
    <ignored/>
  </testcase> <!-- verifyLoginInFunctionality -->
  <testcase classname="com.JJill.testcases.TestCases" name="verify_Guest_PaypalfromShoppingBagPage_CheckoutFunctionality" time="0.0">
    <ignored/>
  </testcase> <!-- verify_Guest_PaypalfromShoppingBagPage_CheckoutFunctionality -->
  <testcase classname="com.JJill.testcases.TestCases" name="verify_Registered_AddnewMajorCC_ExistingPaymentcard_CheckoutFunctionality" time="0.0">
    <ignored/>
  </testcase> <!-- verify_Registered_AddnewMajorCC_ExistingPaymentcard_CheckoutFunctionality -->
  <testcase classname="com.JJill.testcases.TestCases" name="verify_Registered_GiftCard_ExistingPaymentcard_CheckoutFunctionality" time="0.0">
    <ignored/>
  </testcase> <!-- verify_Registered_GiftCard_ExistingPaymentcard_CheckoutFunctionality -->
  <testcase classname="com.JJill.testcases.TestCases" name="verify_Guest_PayPalfromPaymentpage_CheckoutFunctionality" time="0.0">
    <ignored/>
  </testcase> <!-- verify_Guest_PayPalfromPaymentpage_CheckoutFunctionality -->
  <testcase classname="com.JJill.testcases.TestCases" name="verify_Guest_GiftcardandMajorCCasPayment_CheckoutFunctionality" time="0.0">
    <ignored/>
  </testcase> <!-- verify_Guest_GiftcardandMajorCCasPayment_CheckoutFunctionality -->
  <testcase classname="com.JJill.testcases.TestCases" name="verify_Registered_GiftCardandJJCC_ExistingPaymentcard_CheckoutFunctionality" time="0.0">
    <ignored/>
  </testcase> <!-- verify_Registered_GiftCardandJJCC_ExistingPaymentcard_CheckoutFunctionality -->
  <testcase classname="com.JJill.testcases.TestCases" name="verify_Registered_AddnewJJCC_ExistingPaymentcard_CheckoutFunctionality" time="0.0">
    <ignored/>
  </testcase> <!-- verify_Registered_AddnewJJCC_ExistingPaymentcard_CheckoutFunctionality -->
  <testcase classname="com.JJill.testcases.TestCases" name="verifyMonetateBadging" time="0.0">
    <ignored/>
  </testcase> <!-- verifyMonetateBadging -->
  <testcase classname="com.JJill.testcases.TestCases" name="verifyForgotPasswordFunctionality" time="0.0">
    <ignored/>
  </testcase> <!-- verifyForgotPasswordFunctionality -->
  <testcase classname="com.JJill.testcases.TestCases" name="verifyPDPFunctionality" time="0.0">
    <ignored/>
  </testcase> <!-- verifyPDPFunctionality -->
  <testcase classname="com.JJill.testcases.TestCases" name="verify_Guest_MajorCC_CheckoutFunctionality" time="0.0">
    <ignored/>
  </testcase> <!-- verify_Guest_MajorCC_CheckoutFunctionality -->
  <testcase classname="com.JJill.testcases.TestCases" name="verifyPaginationFunctionality" time="0.0">
    <ignored/>
  </testcase> <!-- verifyPaginationFunctionality -->
</testsuite> <!-- Test for the JJill application(failed) -->
