<?xml version="1.0" encoding="UTF-8"?>
<!-- Generated by org.testng.reporters.JUnitXMLReporter -->
<testsuite ignored="14" hostname="QU1980" failures="2" tests="2" name="Test for the JJill application(failed)(failed)" time="65.429" errors="0" timestamp="19 Sep 2022 13:51:35 GMT">
  <testcase classname="com.JJill.testcases.TestCases" name="verifyShoptheLook" time="21.657">
    <failure type="org.openqa.selenium.ElementClickInterceptedException" message="element click intercepted: Element &amp;lt;a href=&amp;quot;/must-have-outfits&amp;quot; data-link-attr=&amp;quot;LeftNav:New-arrivals-Inspiration-Must Have Outfits&amp;quot; role=&amp;quot;link&amp;quot; data-rsf-prefetch=&amp;quot;always&amp;quot;&amp;gt;...&amp;lt;/a&amp;gt; is not clickable at point (131, 27). Other element would receive the click: &amp;lt;a href=&amp;quot;/shop/new-arrivals&amp;quot; tabindex=&amp;quot;-1&amp;quot; role=&amp;quot;link&amp;quot; class=&amp;quot;toplevel main-menu-link&amp;quot; data-link-attr=&amp;quot;GlobalNav:New-arrivals-All ...&amp;quot; data-rsf-prefetch=&amp;quot;always&amp;quot;&amp;gt;New Arrivals&amp;lt;/a&amp;gt;
  (Session info: chrome=105.0.5195.102)
Build info: version: &amp;apos;3.141.59&amp;apos;, revision: &amp;apos;e82be7d358&amp;apos;, time: &amp;apos;2018-11-14T08:17:03&amp;apos;
System info: host: &amp;apos;QU1980&amp;apos;, ip: &amp;apos;10.0.0.249&amp;apos;, os.name: &amp;apos;Windows 10&amp;apos;, os.arch: &amp;apos;amd64&amp;apos;, os.version: &amp;apos;10.0&amp;apos;, java.version: &amp;apos;16.0.2&amp;apos;
Driver info: org.openqa.selenium.chrome.ChromeDriver
Capabilities {acceptInsecureCerts: false, browserName: chrome, browserVersion: 105.0.5195.102, chrome: {chromedriverVersion: 105.0.5195.52 (412c95e51883..., userDataDir: C:\Users\NITKHI~1.KUT\AppDa...}, goog:chromeOptions: {debuggerAddress: localhost:61546}, javascriptEnabled: true, networkConnectionEnabled: false, pageLoadStrategy: normal, platform: WINDOWS, platformName: WINDOWS, proxy: Proxy(), setWindowRect: true, strictFileInteractability: false, timeouts: {implicit: 0, pageLoad: 300000, script: 30000}, unhandledPromptBehavior: dismiss and notify, webauthn:extension:credBlob: true, webauthn:extension:largeBlob: true, webauthn:virtualAuthenticators: true}
Session ID: e547556347fb55b81f2bd558b50bc810">
      <![CDATA[org.openqa.selenium.ElementClickInterceptedException: element click intercepted: Element <a href="/must-have-outfits" data-link-attr="LeftNav:New-arrivals-Inspiration-Must Have Outfits" role="link" data-rsf-prefetch="always">...</a> is not clickable at point (131, 27). Other element would receive the click: <a href="/shop/new-arrivals" tabindex="-1" role="link" class="toplevel main-menu-link" data-link-attr="GlobalNav:New-arrivals-All ..." data-rsf-prefetch="always">New Arrivals</a>
  (Session info: chrome=105.0.5195.102)
Build info: version: '3.141.59', revision: 'e82be7d358', time: '2018-11-14T08:17:03'
System info: host: 'QU1980', ip: '10.0.0.249', os.name: 'Windows 10', os.arch: 'amd64', os.version: '10.0', java.version: '16.0.2'
Driver info: org.openqa.selenium.chrome.ChromeDriver
Capabilities {acceptInsecureCerts: false, browserName: chrome, browserVersion: 105.0.5195.102, chrome: {chromedriverVersion: 105.0.5195.52 (412c95e51883..., userDataDir: C:\Users\NITKHI~1.KUT\AppDa...}, goog:chromeOptions: {debuggerAddress: localhost:61546}, javascriptEnabled: true, networkConnectionEnabled: false, pageLoadStrategy: normal, platform: WINDOWS, platformName: WINDOWS, proxy: Proxy(), setWindowRect: true, strictFileInteractability: false, timeouts: {implicit: 0, pageLoad: 300000, script: 30000}, unhandledPromptBehavior: dismiss and notify, webauthn:extension:credBlob: true, webauthn:extension:largeBlob: true, webauthn:virtualAuthenticators: true}
Session ID: e547556347fb55b81f2bd558b50bc810
	at org.openqa.selenium.remote.http.W3CHttpResponseCodec.createException(W3CHttpResponseCodec.java:187)
	at org.openqa.selenium.remote.http.W3CHttpResponseCodec.decode(W3CHttpResponseCodec.java:122)
	at org.openqa.selenium.remote.http.W3CHttpResponseCodec.decode(W3CHttpResponseCodec.java:49)
	at org.openqa.selenium.remote.HttpCommandExecutor.execute(HttpCommandExecutor.java:158)
	at org.openqa.selenium.remote.service.DriverCommandExecutor.execute(DriverCommandExecutor.java:83)
	at org.openqa.selenium.remote.RemoteWebDriver.execute(RemoteWebDriver.java:552)
	at org.openqa.selenium.remote.RemoteWebElement.execute(RemoteWebElement.java:285)
	at org.openqa.selenium.remote.RemoteWebElement.click(RemoteWebElement.java:84)
	at org.openqa.selenium.support.pagefactory.internal.LocatingElementHandler.invoke(LocatingElementHandler.java:51)
	at jdk.proxy2/jdk.proxy2.$Proxy12.click(Unknown Source)
	at pages.AddProduct_CheckoutFunctionality.selectSTLDepartment(AddProduct_CheckoutFunctionality.java:271)
	at com.JJill.testcases.TestCases.verifyShoptheLook(TestCases.java:95)
... Removed 34 stack frames]]>
    </failure>
  </testcase> <!-- verifyShoptheLook -->
  <testcase classname="com.JJill.testcases.TestCases" name="verifyInventoryData" time="30.103">
    <failure type="org.openqa.selenium.ElementClickInterceptedException" message="element click intercepted: Element &amp;lt;button class=&amp;quot;MuiButtonBase-root MuiButton-root MuiButton-contained jss795 jss617 jss616 jss618 undefined jss799 MuiButton-containedPrimary&amp;quot; tabindex=&amp;quot;0&amp;quot; type=&amp;quot;button&amp;quot; title=&amp;quot;Regular&amp;quot;&amp;gt;...&amp;lt;/button&amp;gt; is not clickable at point (873, 425). Other element would receive the click: &amp;lt;div id=&amp;quot;oo_invitation_overlay&amp;quot; class=&amp;quot;no_loading&amp;quot;&amp;gt;&amp;lt;/div&amp;gt;
  (Session info: chrome=105.0.5195.102)
Build info: version: &amp;apos;3.141.59&amp;apos;, revision: &amp;apos;e82be7d358&amp;apos;, time: &amp;apos;2018-11-14T08:17:03&amp;apos;
System info: host: &amp;apos;QU1980&amp;apos;, ip: &amp;apos;10.0.0.249&amp;apos;, os.name: &amp;apos;Windows 10&amp;apos;, os.arch: &amp;apos;amd64&amp;apos;, os.version: &amp;apos;10.0&amp;apos;, java.version: &amp;apos;16.0.2&amp;apos;
Driver info: org.openqa.selenium.chrome.ChromeDriver
Capabilities {acceptInsecureCerts: false, browserName: chrome, browserVersion: 105.0.5195.102, chrome: {chromedriverVersion: 105.0.5195.52 (412c95e51883..., userDataDir: C:\Users\NITKHI~1.KUT\AppDa...}, goog:chromeOptions: {debuggerAddress: localhost:61787}, javascriptEnabled: true, networkConnectionEnabled: false, pageLoadStrategy: normal, platform: WINDOWS, platformName: WINDOWS, proxy: Proxy(), setWindowRect: true, strictFileInteractability: false, timeouts: {implicit: 0, pageLoad: 300000, script: 30000}, unhandledPromptBehavior: dismiss and notify, webauthn:extension:credBlob: true, webauthn:extension:largeBlob: true, webauthn:virtualAuthenticators: true}
Session ID: 5034f7bbde33a8b025b5130211089f97">
      <![CDATA[org.openqa.selenium.ElementClickInterceptedException: element click intercepted: Element <button class="MuiButtonBase-root MuiButton-root MuiButton-contained jss795 jss617 jss616 jss618 undefined jss799 MuiButton-containedPrimary" tabindex="0" type="button" title="Regular">...</button> is not clickable at point (873, 425). Other element would receive the click: <div id="oo_invitation_overlay" class="no_loading"></div>
  (Session info: chrome=105.0.5195.102)
Build info: version: '3.141.59', revision: 'e82be7d358', time: '2018-11-14T08:17:03'
System info: host: 'QU1980', ip: '10.0.0.249', os.name: 'Windows 10', os.arch: 'amd64', os.version: '10.0', java.version: '16.0.2'
Driver info: org.openqa.selenium.chrome.ChromeDriver
Capabilities {acceptInsecureCerts: false, browserName: chrome, browserVersion: 105.0.5195.102, chrome: {chromedriverVersion: 105.0.5195.52 (412c95e51883..., userDataDir: C:\Users\NITKHI~1.KUT\AppDa...}, goog:chromeOptions: {debuggerAddress: localhost:61787}, javascriptEnabled: true, networkConnectionEnabled: false, pageLoadStrategy: normal, platform: WINDOWS, platformName: WINDOWS, proxy: Proxy(), setWindowRect: true, strictFileInteractability: false, timeouts: {implicit: 0, pageLoad: 300000, script: 30000}, unhandledPromptBehavior: dismiss and notify, webauthn:extension:credBlob: true, webauthn:extension:largeBlob: true, webauthn:virtualAuthenticators: true}
Session ID: 5034f7bbde33a8b025b5130211089f97
	at org.openqa.selenium.remote.http.W3CHttpResponseCodec.createException(W3CHttpResponseCodec.java:187)
	at org.openqa.selenium.remote.http.W3CHttpResponseCodec.decode(W3CHttpResponseCodec.java:122)
	at org.openqa.selenium.remote.http.W3CHttpResponseCodec.decode(W3CHttpResponseCodec.java:49)
	at org.openqa.selenium.remote.HttpCommandExecutor.execute(HttpCommandExecutor.java:158)
	at org.openqa.selenium.remote.service.DriverCommandExecutor.execute(DriverCommandExecutor.java:83)
	at org.openqa.selenium.remote.RemoteWebDriver.execute(RemoteWebDriver.java:552)
	at org.openqa.selenium.remote.RemoteWebElement.execute(RemoteWebElement.java:285)
	at org.openqa.selenium.remote.RemoteWebElement.click(RemoteWebElement.java:84)
	at pages.PDP_QuickLook_Functionality.validateOOSFunctionality(PDP_QuickLook_Functionality.java:608)
	at com.JJill.testcases.TestCases.verifyInventoryData(TestCases.java:149)
... Removed 30 stack frames]]>
    </failure>
  </testcase> <!-- verifyInventoryData -->
  <testcase classname="com.JJill.testcases.TestCases" name="verifyPLPFunctionality" time="0.0">
    <ignored/>
  </testcase> <!-- verifyPLPFunctionality -->
  <testcase classname="com.JJill.testcases.TestCases" name="verifySearchFunctionality" time="0.0">
    <ignored/>
  </testcase> <!-- verifySearchFunctionality -->
  <testcase classname="com.JJill.testcases.TestCases" name="verifyFooterFunctionality" time="0.0">
    <ignored/>
  </testcase> <!-- verifyFooterFunctionality -->
  <testcase classname="com.JJill.testcases.TestCases" name="verifyLoginInFunctionality" time="0.0">
    <ignored/>
  </testcase> <!-- verifyLoginInFunctionality -->
  <testcase classname="com.JJill.testcases.TestCases" name="verifyCheckoutFunctionality" time="0.0">
    <ignored/>
  </testcase> <!-- verifyCheckoutFunctionality -->
  <testcase classname="com.JJill.testcases.TestCases" name="verifyPDP_CompletetheLook" time="0.0">
    <ignored/>
  </testcase> <!-- verifyPDP_CompletetheLook -->
  <testcase classname="com.JJill.testcases.TestCases" name="verifyHeaderFunctionality" time="0.0">
    <ignored/>
  </testcase> <!-- verifyHeaderFunctionality -->
  <testcase classname="com.JJill.testcases.TestCases" name="verifyMonetateBadging" time="0.0">
    <ignored/>
  </testcase> <!-- verifyMonetateBadging -->
  <testcase classname="com.JJill.testcases.TestCases" name="verifyQuickLookFunctionality" time="0.0">
    <ignored/>
  </testcase> <!-- verifyQuickLookFunctionality -->
  <testcase classname="com.JJill.testcases.TestCases" name="verifyForgotPasswordFunctionality" time="0.0">
    <ignored/>
  </testcase> <!-- verifyForgotPasswordFunctionality -->
  <testcase classname="com.JJill.testcases.TestCases" name="verifyPDPFunctionality" time="0.0">
    <ignored/>
  </testcase> <!-- verifyPDPFunctionality -->
  <testcase classname="com.JJill.testcases.TestCases" name="verifyCompletetheLook" time="0.0">
    <ignored/>
  </testcase> <!-- verifyCompletetheLook -->
  <testcase classname="com.JJill.testcases.TestCases" name="verifyremoveProductsShoppingbag" time="0.0">
    <ignored/>
  </testcase> <!-- verifyremoveProductsShoppingbag -->
  <testcase classname="com.JJill.testcases.TestCases" name="verifyPaginationFunctionality" time="0.0">
    <ignored/>
  </testcase> <!-- verifyPaginationFunctionality -->
</testsuite> <!-- Test for the JJill application(failed)(failed) -->
