<!DOCTYPE html>

<html>
  <head>
  <meta charset='utf-8'>
  <title>TestNG reports</title>

    <link type="text/css" href="testng-reports.css" rel="stylesheet" />  
    <script type="text/javascript" src="jquery-1.7.1.min.js"></script>
    <script type="text/javascript" src="testng-reports.js"></script>
    <script type="text/javascript" src="https://www.google.com/jsapi"></script>
    <script type='text/javascript'>
      google.load('visualization', '1', {packages:['table']});
      google.setOnLoadCallback(drawTable);
      var suiteTableInitFunctions = new Array();
      var suiteTableData = new Array();
    </script>
    <!--
      <script type="text/javascript" src="jquery-ui/js/jquery-ui-1.8.16.custom.min.js"></script>
     -->
  </head>

  <body>
    <div class="top-banner-root">
      <span class="top-banner-title-font">Test results</span>
      <br/>
      <span class="top-banner-font-1">1 suite, 16 failed tests</span>
    </div> <!-- top-banner-root -->
    <div class="navigator-root">
      <div class="navigator-suite-header">
        <span>All suites</span>
        <a href="#" title="Collapse/expand all the suites" class="collapse-all-link">
          <img src="collapseall.gif" class="collapse-all-icon">
          </img> <!-- collapse-all-icon -->
        </a> <!-- collapse-all-link -->
      </div> <!-- navigator-suite-header -->
      <div class="suite">
        <div class="rounded-window">
          <div class="suite-header light-rounded-window-top">
            <a href="#" panel-name="suite-Testing_JJill_Application" class="navigator-link">
              <span class="suite-name border-failed">Testing JJill Application</span>
            </a> <!-- navigator-link -->
          </div> <!-- suite-header light-rounded-window-top -->
          <div class="navigator-suite-content">
            <div class="suite-section-title">
              <span>Info</span>
            </div> <!-- suite-section-title -->
            <div class="suite-section-content">
              <ul>
                <li>
                  <a href="#" panel-name="test-xml-Testing_JJill_Application" class="navigator-link ">
                    <span>C:\Users\nikhitha.muthukur\git\JjillTestRepository\testng.xml</span>
                  </a> <!-- navigator-link  -->
                </li>
                <li>
                  <a href="#" panel-name="testlist-Testing_JJill_Application" class="navigator-link ">
                    <span class="test-stats">1 test</span>
                  </a> <!-- navigator-link  -->
                </li>
                <li>
                  <a href="#" panel-name="group-Testing_JJill_Application" class="navigator-link ">
                    <span>5 groups</span>
                  </a> <!-- navigator-link  -->
                </li>
                <li>
                  <a href="#" panel-name="times-Testing_JJill_Application" class="navigator-link ">
                    <span>Times</span>
                  </a> <!-- navigator-link  -->
                </li>
                <li>
                  <a href="#" panel-name="reporter-Testing_JJill_Application" class="navigator-link ">
                    <span>Reporter output</span>
                  </a> <!-- navigator-link  -->
                </li>
                <li>
                  <a href="#" panel-name="ignored-methods-Testing_JJill_Application" class="navigator-link ">
                    <span>Ignored methods</span>
                  </a> <!-- navigator-link  -->
                </li>
                <li>
                  <a href="#" panel-name="chronological-Testing_JJill_Application" class="navigator-link ">
                    <span>Chronological view</span>
                  </a> <!-- navigator-link  -->
                </li>
              </ul>
            </div> <!-- suite-section-content -->
            <div class="result-section">
              <div class="suite-section-title">
                <span>Results</span>
              </div> <!-- suite-section-title -->
              <div class="suite-section-content">
                <ul>
                  <li>
                    <span class="method-stats">25 methods, 16 failed,   9 passed</span>
                  </li>
                  <li>
                    <span class="method-list-title failed">Failed methods</span>
                    <span class="show-or-hide-methods failed">
                      <a href="#" panel-name="suite-Testing_JJill_Application" class="hide-methods failed suite-Testing_JJill_Application"> (hide)</a> <!-- hide-methods failed suite-Testing_JJill_Application -->
                      <a href="#" panel-name="suite-Testing_JJill_Application" class="show-methods failed suite-Testing_JJill_Application"> (show)</a> <!-- show-methods failed suite-Testing_JJill_Application -->
                    </span>
                    <div class="method-list-content failed suite-Testing_JJill_Application">
                      <span>
                        <img src="failed.png" width="3%"/>
                        <a href="#" panel-name="suite-Testing_JJill_Application" title="com.JJill.testcases.TestCases" class="method navigator-link" hash-for-method="verifyCompletetheLook">verifyCompletetheLook</a> <!-- method navigator-link -->
                      </span>
                      <br/>
                      <span>
                        <img src="failed.png" width="3%"/>
                        <a href="#" panel-name="suite-Testing_JJill_Application" title="com.JJill.testcases.TestCases" class="method navigator-link" hash-for-method="verifyForgotPasswordFunctionality">verifyForgotPasswordFunctionality</a> <!-- method navigator-link -->
                      </span>
                      <br/>
                      <span>
                        <img src="failed.png" width="3%"/>
                        <a href="#" panel-name="suite-Testing_JJill_Application" title="com.JJill.testcases.TestCases" class="method navigator-link" hash-for-method="verifyLoginInFunctionality">verifyLoginInFunctionality</a> <!-- method navigator-link -->
                      </span>
                      <br/>
                      <span>
                        <img src="failed.png" width="3%"/>
                        <a href="#" panel-name="suite-Testing_JJill_Application" title="com.JJill.testcases.TestCases" class="method navigator-link" hash-for-method="verifyPDP_CompletetheLook">verifyPDP_CompletetheLook</a> <!-- method navigator-link -->
                      </span>
                      <br/>
                      <span>
                        <img src="failed.png" width="3%"/>
                        <a href="#" panel-name="suite-Testing_JJill_Application" title="com.JJill.testcases.TestCases" class="method navigator-link" hash-for-method="verifyShoptheLook">verifyShoptheLook</a> <!-- method navigator-link -->
                      </span>
                      <br/>
                      <span>
                        <img src="failed.png" width="3%"/>
                        <a href="#" panel-name="suite-Testing_JJill_Application" title="com.JJill.testcases.TestCases" class="method navigator-link" hash-for-method="verify_Guest_GiftcardandMajorCCasPayment_CheckoutFunctionality">verify_Guest_GiftcardandMajorCCasPayment_CheckoutFunctionality</a> <!-- method navigator-link -->
                      </span>
                      <br/>
                      <span>
                        <img src="failed.png" width="3%"/>
                        <a href="#" panel-name="suite-Testing_JJill_Application" title="com.JJill.testcases.TestCases" class="method navigator-link" hash-for-method="verify_Guest_GiftcardasPayment_CheckoutFunctionality">verify_Guest_GiftcardasPayment_CheckoutFunctionality</a> <!-- method navigator-link -->
                      </span>
                      <br/>
                      <span>
                        <img src="failed.png" width="3%"/>
                        <a href="#" panel-name="suite-Testing_JJill_Application" title="com.JJill.testcases.TestCases" class="method navigator-link" hash-for-method="verify_Guest_JJCCPayment_CheckoutFunctionality">verify_Guest_JJCCPayment_CheckoutFunctionality</a> <!-- method navigator-link -->
                      </span>
                      <br/>
                      <span>
                        <img src="failed.png" width="3%"/>
                        <a href="#" panel-name="suite-Testing_JJill_Application" title="com.JJill.testcases.TestCases" class="method navigator-link" hash-for-method="verify_Guest_MajorCC_CheckoutFunctionality">verify_Guest_MajorCC_CheckoutFunctionality</a> <!-- method navigator-link -->
                      </span>
                      <br/>
                      <span>
                        <img src="failed.png" width="3%"/>
                        <a href="#" panel-name="suite-Testing_JJill_Application" title="com.JJill.testcases.TestCases" class="method navigator-link" hash-for-method="verify_Guest_PayPalfromPaymentpage_CheckoutFunctionality">verify_Guest_PayPalfromPaymentpage_CheckoutFunctionality</a> <!-- method navigator-link -->
                      </span>
                      <br/>
                      <span>
                        <img src="failed.png" width="3%"/>
                        <a href="#" panel-name="suite-Testing_JJill_Application" title="com.JJill.testcases.TestCases" class="method navigator-link" hash-for-method="verify_Guest_PaypalfromShoppingBagPage_CheckoutFunctionality">verify_Guest_PaypalfromShoppingBagPage_CheckoutFunctionality</a> <!-- method navigator-link -->
                      </span>
                      <br/>
                      <span>
                        <img src="failed.png" width="3%"/>
                        <a href="#" panel-name="suite-Testing_JJill_Application" title="com.JJill.testcases.TestCases" class="method navigator-link" hash-for-method="verify_Registered_AddnewJJCC_ExistingPaymentcard_CheckoutFunctionality">verify_Registered_AddnewJJCC_ExistingPaymentcard_CheckoutFunctionality</a> <!-- method navigator-link -->
                      </span>
                      <br/>
                      <span>
                        <img src="failed.png" width="3%"/>
                        <a href="#" panel-name="suite-Testing_JJill_Application" title="com.JJill.testcases.TestCases" class="method navigator-link" hash-for-method="verify_Registered_AddnewMajorCC_ExistingPaymentcard_CheckoutFunctionality">verify_Registered_AddnewMajorCC_ExistingPaymentcard_CheckoutFunctionality</a> <!-- method navigator-link -->
                      </span>
                      <br/>
                      <span>
                        <img src="failed.png" width="3%"/>
                        <a href="#" panel-name="suite-Testing_JJill_Application" title="com.JJill.testcases.TestCases" class="method navigator-link" hash-for-method="verify_Registered_GiftCard_ExistingPaymentcard_CheckoutFunctionality">verify_Registered_GiftCard_ExistingPaymentcard_CheckoutFunctionality</a> <!-- method navigator-link -->
                      </span>
                      <br/>
                      <span>
                        <img src="failed.png" width="3%"/>
                        <a href="#" panel-name="suite-Testing_JJill_Application" title="com.JJill.testcases.TestCases" class="method navigator-link" hash-for-method="verify_Registered_GiftCardandJJCC_ExistingPaymentcard_CheckoutFunctionality">verify_Registered_GiftCardandJJCC_ExistingPaymentcard_CheckoutFunctionality</a> <!-- method navigator-link -->
                      </span>
                      <br/>
                      <span>
                        <img src="failed.png" width="3%"/>
                        <a href="#" panel-name="suite-Testing_JJill_Application" title="com.JJill.testcases.TestCases" class="method navigator-link" hash-for-method="verifyremoveProductsShoppingbag">verifyremoveProductsShoppingbag</a> <!-- method navigator-link -->
                      </span>
                      <br/>
                    </div> <!-- method-list-content failed suite-Testing_JJill_Application -->
                  </li>
                  <li>
                    <span class="method-list-title passed">Passed methods</span>
                    <span class="show-or-hide-methods passed">
                      <a href="#" panel-name="suite-Testing_JJill_Application" class="hide-methods passed suite-Testing_JJill_Application"> (hide)</a> <!-- hide-methods passed suite-Testing_JJill_Application -->
                      <a href="#" panel-name="suite-Testing_JJill_Application" class="show-methods passed suite-Testing_JJill_Application"> (show)</a> <!-- show-methods passed suite-Testing_JJill_Application -->
                    </span>
                    <div class="method-list-content passed suite-Testing_JJill_Application">
                      <span>
                        <img src="passed.png" width="3%"/>
                        <a href="#" panel-name="suite-Testing_JJill_Application" title="com.JJill.testcases.TestCases" class="method navigator-link" hash-for-method="verifyFooterFunctionality">verifyFooterFunctionality</a> <!-- method navigator-link -->
                      </span>
                      <br/>
                      <span>
                        <img src="passed.png" width="3%"/>
                        <a href="#" panel-name="suite-Testing_JJill_Application" title="com.JJill.testcases.TestCases" class="method navigator-link" hash-for-method="verifyHeaderFunctionality">verifyHeaderFunctionality</a> <!-- method navigator-link -->
                      </span>
                      <br/>
                      <span>
                        <img src="passed.png" width="3%"/>
                        <a href="#" panel-name="suite-Testing_JJill_Application" title="com.JJill.testcases.TestCases" class="method navigator-link" hash-for-method="verifyInventoryData">verifyInventoryData</a> <!-- method navigator-link -->
                      </span>
                      <br/>
                      <span>
                        <img src="passed.png" width="3%"/>
                        <a href="#" panel-name="suite-Testing_JJill_Application" title="com.JJill.testcases.TestCases" class="method navigator-link" hash-for-method="verifyMonetateBadging">verifyMonetateBadging</a> <!-- method navigator-link -->
                      </span>
                      <br/>
                      <span>
                        <img src="passed.png" width="3%"/>
                        <a href="#" panel-name="suite-Testing_JJill_Application" title="com.JJill.testcases.TestCases" class="method navigator-link" hash-for-method="verifyPDPFunctionality">verifyPDPFunctionality</a> <!-- method navigator-link -->
                      </span>
                      <br/>
                      <span>
                        <img src="passed.png" width="3%"/>
                        <a href="#" panel-name="suite-Testing_JJill_Application" title="com.JJill.testcases.TestCases" class="method navigator-link" hash-for-method="verifyPLPFunctionality">verifyPLPFunctionality</a> <!-- method navigator-link -->
                      </span>
                      <br/>
                      <span>
                        <img src="passed.png" width="3%"/>
                        <a href="#" panel-name="suite-Testing_JJill_Application" title="com.JJill.testcases.TestCases" class="method navigator-link" hash-for-method="verifyPaginationFunctionality">verifyPaginationFunctionality</a> <!-- method navigator-link -->
                      </span>
                      <br/>
                      <span>
                        <img src="passed.png" width="3%"/>
                        <a href="#" panel-name="suite-Testing_JJill_Application" title="com.JJill.testcases.TestCases" class="method navigator-link" hash-for-method="verifyQuickLookFunctionality">verifyQuickLookFunctionality</a> <!-- method navigator-link -->
                      </span>
                      <br/>
                      <span>
                        <img src="passed.png" width="3%"/>
                        <a href="#" panel-name="suite-Testing_JJill_Application" title="com.JJill.testcases.TestCases" class="method navigator-link" hash-for-method="verifySearchFunctionality">verifySearchFunctionality</a> <!-- method navigator-link -->
                      </span>
                      <br/>
                    </div> <!-- method-list-content passed suite-Testing_JJill_Application -->
                  </li>
                </ul>
              </div> <!-- suite-section-content -->
            </div> <!-- result-section -->
          </div> <!-- navigator-suite-content -->
        </div> <!-- rounded-window -->
      </div> <!-- suite -->
    </div> <!-- navigator-root -->
    <div class="wrapper">
      <div class="main-panel-root">
        <div panel-name="suite-Testing_JJill_Application" class="panel Testing_JJill_Application">
          <div class="suite-Testing_JJill_Application-class-failed">
            <div class="main-panel-header rounded-window-top">
              <img src="failed.png"/>
              <span class="class-name">com.JJill.testcases.TestCases</span>
            </div> <!-- main-panel-header rounded-window-top -->
            <div class="main-panel-content rounded-window-bottom">
              <div class="method">
                <div class="method-content">
                  <a name="verifyCompletetheLook">
                  </a> <!-- verifyCompletetheLook -->
                  <span class="method-name">verifyCompletetheLook</span>
                  <div class="stack-trace">org.openqa.selenium.NoSuchElementException: no such element: Unable to locate element: {&quot;method&quot;:&quot;xpath&quot;,&quot;selector&quot;:&quot;//p[contains(text(),&apos;complete the look&apos;)]&quot;}
  (Session info: chrome=117.0.5938.89)
For documentation on this error, please visit: https://www.seleniumhq.org/exceptions/no_such_element.html
Build info: version: &apos;3.141.59&apos;, revision: &apos;e82be7d358&apos;, time: &apos;2018-11-14T08:17:03&apos;
System info: host: &apos;QU2301&apos;, ip: &apos;192.168.254.66&apos;, os.name: &apos;Windows 11&apos;, os.arch: &apos;amd64&apos;, os.version: &apos;10.0&apos;, java.version: &apos;17.0.7&apos;
Driver info: org.openqa.selenium.chrome.ChromeDriver
Capabilities {acceptInsecureCerts: false, browserName: chrome, browserVersion: 117.0.5938.89, chrome: {chromedriverVersion: 117.0.5938.88 (be6afae47212..., userDataDir: C:\Users\NIKHIT~1.MUT\AppDa...}, fedcm:accounts: true, goog:chromeOptions: {debuggerAddress: localhost:62497}, javascriptEnabled: true, networkConnectionEnabled: false, pageLoadStrategy: normal, platform: WINDOWS, platformName: WINDOWS, proxy: Proxy(), setWindowRect: true, strictFileInteractability: false, timeouts: {implicit: 0, pageLoad: 300000, script: 30000}, unhandledPromptBehavior: dismiss and notify, webauthn:extension:credBlob: true, webauthn:extension:largeBlob: true, webauthn:extension:minPinLength: true, webauthn:extension:prf: true, webauthn:virtualAuthenticators: true}
Session ID: dc7269694780d9c97d78a4efc5e84905
*** Element info: {Using=xpath, value=//p[contains(text(),&apos;complete the look&apos;)]}
	at org.openqa.selenium.remote.http.W3CHttpResponseCodec.createException(W3CHttpResponseCodec.java:187)
	at org.openqa.selenium.remote.http.W3CHttpResponseCodec.decode(W3CHttpResponseCodec.java:122)
	at org.openqa.selenium.remote.http.W3CHttpResponseCodec.decode(W3CHttpResponseCodec.java:49)
	at org.openqa.selenium.remote.HttpCommandExecutor.execute(HttpCommandExecutor.java:158)
	at org.openqa.selenium.remote.service.DriverCommandExecutor.execute(DriverCommandExecutor.java:83)
	at org.openqa.selenium.remote.RemoteWebDriver.execute(RemoteWebDriver.java:552)
	at org.openqa.selenium.remote.RemoteWebDriver.findElement(RemoteWebDriver.java:323)
	at org.openqa.selenium.remote.RemoteWebDriver.findElementByXPath(RemoteWebDriver.java:428)
	at org.openqa.selenium.By$ByXPath.findElement(By.java:353)
	at org.openqa.selenium.remote.RemoteWebDriver.findElement(RemoteWebDriver.java:315)
	at org.openqa.selenium.support.pagefactory.DefaultElementLocator.findElement(DefaultElementLocator.java:69)
	at org.openqa.selenium.support.pagefactory.internal.LocatingElementHandler.invoke(LocatingElementHandler.java:38)
	at jdk.proxy2/jdk.proxy2.$Proxy12.isDisplayed(Unknown Source)
	at pages.PLP_Search_CLT_STL_Functionality.validateCompletetheLook(PLP_Search_CLT_STL_Functionality.java:261)
	at com.JJill.testcases.TestCases.verifyCompletetheLook(TestCases.java:69)
... Removed 30 stack frames
</div> <!-- stack-trace -->
                </div> <!-- method-content -->
              </div> <!-- method -->
              <div class="method">
                <div class="method-content">
                  <a name="verifyForgotPasswordFunctionality">
                  </a> <!-- verifyForgotPasswordFunctionality -->
                  <span class="method-name">verifyForgotPasswordFunctionality</span>
                  <div class="stack-trace">org.openqa.selenium.ElementClickInterceptedException: element click intercepted: Element &lt;a class=&quot;jss220&quot; href=&quot;/ResetPasswordGuestErrorView?catalogId=10051&amp;amp;state=forgetpassword&amp;amp;langId=-1&amp;amp;storeId=10101&quot;&gt;...&lt;/a&gt; is not clickable at point (1165, 347). Other element would receive the click: &lt;div id=&quot;fcopt-onsite-app-55248_modal&quot; class=&quot;fcopt_modal&quot;&gt;&lt;/div&gt;
  (Session info: chrome=117.0.5938.89)
Build info: version: &apos;3.141.59&apos;, revision: &apos;e82be7d358&apos;, time: &apos;2018-11-14T08:17:03&apos;
System info: host: &apos;QU2301&apos;, ip: &apos;192.168.254.66&apos;, os.name: &apos;Windows 11&apos;, os.arch: &apos;amd64&apos;, os.version: &apos;10.0&apos;, java.version: &apos;17.0.7&apos;
Driver info: org.openqa.selenium.chrome.ChromeDriver
Capabilities {acceptInsecureCerts: false, browserName: chrome, browserVersion: 117.0.5938.89, chrome: {chromedriverVersion: 117.0.5938.88 (be6afae47212..., userDataDir: C:\Users\NIKHIT~1.MUT\AppDa...}, fedcm:accounts: true, goog:chromeOptions: {debuggerAddress: localhost:50735}, javascriptEnabled: true, networkConnectionEnabled: false, pageLoadStrategy: normal, platform: WINDOWS, platformName: WINDOWS, proxy: Proxy(), setWindowRect: true, strictFileInteractability: false, timeouts: {implicit: 0, pageLoad: 300000, script: 30000}, unhandledPromptBehavior: dismiss and notify, webauthn:extension:credBlob: true, webauthn:extension:largeBlob: true, webauthn:extension:minPinLength: true, webauthn:extension:prf: true, webauthn:virtualAuthenticators: true}
Session ID: a90f548d363e525c89d966241379e250
	at org.openqa.selenium.remote.http.W3CHttpResponseCodec.createException(W3CHttpResponseCodec.java:187)
	at org.openqa.selenium.remote.http.W3CHttpResponseCodec.decode(W3CHttpResponseCodec.java:122)
	at org.openqa.selenium.remote.http.W3CHttpResponseCodec.decode(W3CHttpResponseCodec.java:49)
	at org.openqa.selenium.remote.HttpCommandExecutor.execute(HttpCommandExecutor.java:158)
	at org.openqa.selenium.remote.service.DriverCommandExecutor.execute(DriverCommandExecutor.java:83)
	at org.openqa.selenium.remote.RemoteWebDriver.execute(RemoteWebDriver.java:552)
	at org.openqa.selenium.remote.RemoteWebElement.execute(RemoteWebElement.java:285)
	at org.openqa.selenium.remote.RemoteWebElement.click(RemoteWebElement.java:84)
	at org.openqa.selenium.support.pagefactory.internal.LocatingElementHandler.invoke(LocatingElementHandler.java:51)
	at jdk.proxy2/jdk.proxy2.$Proxy12.click(Unknown Source)
	at pages.LoginFunctionality.JJillLogin_ForgotPassword(LoginFunctionality.java:237)
	at com.JJill.testcases.TestCases.verifyForgotPasswordFunctionality(TestCases.java:160)
... Removed 33 stack frames
</div> <!-- stack-trace -->
                </div> <!-- method-content -->
              </div> <!-- method -->
              <div class="method">
                <div class="method-content">
                  <a name="verifyLoginInFunctionality">
                  </a> <!-- verifyLoginInFunctionality -->
                  <span class="method-name">verifyLoginInFunctionality</span>
                  <div class="stack-trace">org.openqa.selenium.WebDriverException: target frame detached
  (Session info: chrome=117.0.5938.89)
Build info: version: &apos;3.141.59&apos;, revision: &apos;e82be7d358&apos;, time: &apos;2018-11-14T08:17:03&apos;
System info: host: &apos;QU2301&apos;, ip: &apos;192.168.254.66&apos;, os.name: &apos;Windows 11&apos;, os.arch: &apos;amd64&apos;, os.version: &apos;10.0&apos;, java.version: &apos;17.0.7&apos;
Driver info: org.openqa.selenium.chrome.ChromeDriver
Capabilities {acceptInsecureCerts: false, browserName: chrome, browserVersion: 117.0.5938.89, chrome: {chromedriverVersion: 117.0.5938.88 (be6afae47212..., userDataDir: C:\Users\NIKHIT~1.MUT\AppDa...}, fedcm:accounts: true, goog:chromeOptions: {debuggerAddress: localhost:63256}, javascriptEnabled: true, networkConnectionEnabled: false, pageLoadStrategy: normal, platform: WINDOWS, platformName: WINDOWS, proxy: Proxy(), setWindowRect: true, strictFileInteractability: false, timeouts: {implicit: 0, pageLoad: 300000, script: 30000}, unhandledPromptBehavior: dismiss and notify, webauthn:extension:credBlob: true, webauthn:extension:largeBlob: true, webauthn:extension:minPinLength: true, webauthn:extension:prf: true, webauthn:virtualAuthenticators: true}
Session ID: c9fa22d3ebdc8ce5db49adba9df6391d
	at org.openqa.selenium.remote.http.W3CHttpResponseCodec.createException(W3CHttpResponseCodec.java:187)
	at org.openqa.selenium.remote.http.W3CHttpResponseCodec.decode(W3CHttpResponseCodec.java:122)
	at org.openqa.selenium.remote.http.W3CHttpResponseCodec.decode(W3CHttpResponseCodec.java:49)
	at org.openqa.selenium.remote.HttpCommandExecutor.execute(HttpCommandExecutor.java:158)
	at org.openqa.selenium.remote.service.DriverCommandExecutor.execute(DriverCommandExecutor.java:83)
	at org.openqa.selenium.remote.RemoteWebDriver.execute(RemoteWebDriver.java:552)
	at org.openqa.selenium.remote.RemoteWebElement.execute(RemoteWebElement.java:285)
	at org.openqa.selenium.remote.RemoteWebElement.click(RemoteWebElement.java:84)
	at org.openqa.selenium.support.pagefactory.internal.LocatingElementHandler.invoke(LocatingElementHandler.java:51)
	at jdk.proxy2/jdk.proxy2.$Proxy12.click(Unknown Source)
	at pages.AddProduct.ConnectingMethod(AddProduct.java:325)
	at com.JJill.testcases.TestCases.verifyLoginInFunctionality(TestCases.java:29)
... Removed 33 stack frames
</div> <!-- stack-trace -->
                </div> <!-- method-content -->
              </div> <!-- method -->
              <div class="method">
                <div class="method-content">
                  <a name="verifyPDP_CompletetheLook">
                  </a> <!-- verifyPDP_CompletetheLook -->
                  <span class="method-name">verifyPDP_CompletetheLook</span>
                  <div class="stack-trace">org.openqa.selenium.NoSuchElementException: no such element: Unable to locate element: {&quot;method&quot;:&quot;xpath&quot;,&quot;selector&quot;:&quot;//p[contains(text(),&apos;complete the look&apos;)]&quot;}
  (Session info: chrome=117.0.5938.89)
For documentation on this error, please visit: https://www.seleniumhq.org/exceptions/no_such_element.html
Build info: version: &apos;3.141.59&apos;, revision: &apos;e82be7d358&apos;, time: &apos;2018-11-14T08:17:03&apos;
System info: host: &apos;QU2301&apos;, ip: &apos;192.168.254.66&apos;, os.name: &apos;Windows 11&apos;, os.arch: &apos;amd64&apos;, os.version: &apos;10.0&apos;, java.version: &apos;17.0.7&apos;
Driver info: org.openqa.selenium.chrome.ChromeDriver
Capabilities {acceptInsecureCerts: false, browserName: chrome, browserVersion: 117.0.5938.89, chrome: {chromedriverVersion: 117.0.5938.88 (be6afae47212..., userDataDir: C:\Users\NIKHIT~1.MUT\AppDa...}, fedcm:accounts: true, goog:chromeOptions: {debuggerAddress: localhost:63904}, javascriptEnabled: true, networkConnectionEnabled: false, pageLoadStrategy: normal, platform: WINDOWS, platformName: WINDOWS, proxy: Proxy(), setWindowRect: true, strictFileInteractability: false, timeouts: {implicit: 0, pageLoad: 300000, script: 30000}, unhandledPromptBehavior: dismiss and notify, webauthn:extension:credBlob: true, webauthn:extension:largeBlob: true, webauthn:extension:minPinLength: true, webauthn:extension:prf: true, webauthn:virtualAuthenticators: true}
Session ID: 8ca90cac001709486b4925e7157ccac9
*** Element info: {Using=xpath, value=//p[contains(text(),&apos;complete the look&apos;)]}
	at org.openqa.selenium.remote.http.W3CHttpResponseCodec.createException(W3CHttpResponseCodec.java:187)
	at org.openqa.selenium.remote.http.W3CHttpResponseCodec.decode(W3CHttpResponseCodec.java:122)
	at org.openqa.selenium.remote.http.W3CHttpResponseCodec.decode(W3CHttpResponseCodec.java:49)
	at org.openqa.selenium.remote.HttpCommandExecutor.execute(HttpCommandExecutor.java:158)
	at org.openqa.selenium.remote.service.DriverCommandExecutor.execute(DriverCommandExecutor.java:83)
	at org.openqa.selenium.remote.RemoteWebDriver.execute(RemoteWebDriver.java:552)
	at org.openqa.selenium.remote.RemoteWebDriver.findElement(RemoteWebDriver.java:323)
	at org.openqa.selenium.remote.RemoteWebDriver.findElementByXPath(RemoteWebDriver.java:428)
	at org.openqa.selenium.By$ByXPath.findElement(By.java:353)
	at org.openqa.selenium.remote.RemoteWebDriver.findElement(RemoteWebDriver.java:315)
	at org.openqa.selenium.support.pagefactory.DefaultElementLocator.findElement(DefaultElementLocator.java:69)
	at org.openqa.selenium.support.pagefactory.internal.LocatingElementHandler.invoke(LocatingElementHandler.java:38)
	at jdk.proxy2/jdk.proxy2.$Proxy12.isDisplayed(Unknown Source)
	at pages.PLP_Search_CLT_STL_Functionality.validatePDPCompletetheLook(PLP_Search_CLT_STL_Functionality.java:329)
	at com.JJill.testcases.TestCases.verifyPDP_CompletetheLook(TestCases.java:77)
... Removed 30 stack frames
</div> <!-- stack-trace -->
                </div> <!-- method-content -->
              </div> <!-- method -->
              <div class="method">
                <div class="method-content">
                  <a name="verifyShoptheLook">
                  </a> <!-- verifyShoptheLook -->
                  <span class="method-name">verifyShoptheLook</span>
                  <div class="stack-trace">org.openqa.selenium.ElementNotInteractableException: element not interactable
  (Session info: chrome=117.0.5938.89)
Build info: version: &apos;3.141.59&apos;, revision: &apos;e82be7d358&apos;, time: &apos;2018-11-14T08:17:03&apos;
System info: host: &apos;QU2301&apos;, ip: &apos;192.168.254.66&apos;, os.name: &apos;Windows 11&apos;, os.arch: &apos;amd64&apos;, os.version: &apos;10.0&apos;, java.version: &apos;17.0.7&apos;
Driver info: org.openqa.selenium.chrome.ChromeDriver
Capabilities {acceptInsecureCerts: false, browserName: chrome, browserVersion: 117.0.5938.89, chrome: {chromedriverVersion: 117.0.5938.88 (be6afae47212..., userDataDir: C:\Users\NIKHIT~1.MUT\AppDa...}, fedcm:accounts: true, goog:chromeOptions: {debuggerAddress: localhost:64577}, javascriptEnabled: true, networkConnectionEnabled: false, pageLoadStrategy: normal, platform: WINDOWS, platformName: WINDOWS, proxy: Proxy(), setWindowRect: true, strictFileInteractability: false, timeouts: {implicit: 0, pageLoad: 300000, script: 30000}, unhandledPromptBehavior: dismiss and notify, webauthn:extension:credBlob: true, webauthn:extension:largeBlob: true, webauthn:extension:minPinLength: true, webauthn:extension:prf: true, webauthn:virtualAuthenticators: true}
Session ID: 275bebe22fdcf0168dbb0b98f46d8704
	at org.openqa.selenium.remote.http.W3CHttpResponseCodec.createException(W3CHttpResponseCodec.java:187)
	at org.openqa.selenium.remote.http.W3CHttpResponseCodec.decode(W3CHttpResponseCodec.java:122)
	at org.openqa.selenium.remote.http.W3CHttpResponseCodec.decode(W3CHttpResponseCodec.java:49)
	at org.openqa.selenium.remote.HttpCommandExecutor.execute(HttpCommandExecutor.java:158)
	at org.openqa.selenium.remote.service.DriverCommandExecutor.execute(DriverCommandExecutor.java:83)
	at org.openqa.selenium.remote.RemoteWebDriver.execute(RemoteWebDriver.java:552)
	at org.openqa.selenium.remote.RemoteWebElement.execute(RemoteWebElement.java:285)
	at org.openqa.selenium.remote.RemoteWebElement.click(RemoteWebElement.java:84)
	at org.openqa.selenium.support.pagefactory.internal.LocatingElementHandler.invoke(LocatingElementHandler.java:51)
	at jdk.proxy2/jdk.proxy2.$Proxy12.click(Unknown Source)
	at pages.AddProduct.selectSTLProduct(AddProduct.java:270)
	at com.JJill.testcases.TestCases.verifyShoptheLook(TestCases.java:84)
... Removed 33 stack frames
</div> <!-- stack-trace -->
                </div> <!-- method-content -->
              </div> <!-- method -->
              <div class="method">
                <div class="method-content">
                  <a name="verify_Guest_GiftcardandMajorCCasPayment_CheckoutFunctionality">
                  </a> <!-- verify_Guest_GiftcardandMajorCCasPayment_CheckoutFunctionality -->
                  <span class="method-name">verify_Guest_GiftcardandMajorCCasPayment_CheckoutFunctionality</span>
                  <div class="stack-trace">org.openqa.selenium.ElementNotInteractableException: element not interactable
  (Session info: chrome=117.0.5938.89)
Build info: version: &apos;3.141.59&apos;, revision: &apos;e82be7d358&apos;, time: &apos;2018-11-14T08:17:03&apos;
System info: host: &apos;QU2301&apos;, ip: &apos;192.168.254.66&apos;, os.name: &apos;Windows 11&apos;, os.arch: &apos;amd64&apos;, os.version: &apos;10.0&apos;, java.version: &apos;17.0.7&apos;
Driver info: org.openqa.selenium.chrome.ChromeDriver
Capabilities {acceptInsecureCerts: false, browserName: chrome, browserVersion: 117.0.5938.89, chrome: {chromedriverVersion: 117.0.5938.88 (be6afae47212..., userDataDir: C:\Users\NIKHIT~1.MUT\AppDa...}, fedcm:accounts: true, goog:chromeOptions: {debuggerAddress: localhost:64711}, javascriptEnabled: true, networkConnectionEnabled: false, pageLoadStrategy: normal, platform: WINDOWS, platformName: WINDOWS, proxy: Proxy(), setWindowRect: true, strictFileInteractability: false, timeouts: {implicit: 0, pageLoad: 300000, script: 30000}, unhandledPromptBehavior: dismiss and notify, webauthn:extension:credBlob: true, webauthn:extension:largeBlob: true, webauthn:extension:minPinLength: true, webauthn:extension:prf: true, webauthn:virtualAuthenticators: true}
Session ID: 4ed7bee3dfc0100853bde11bab78488b
	at org.openqa.selenium.remote.http.W3CHttpResponseCodec.createException(W3CHttpResponseCodec.java:187)
	at org.openqa.selenium.remote.http.W3CHttpResponseCodec.decode(W3CHttpResponseCodec.java:122)
	at org.openqa.selenium.remote.http.W3CHttpResponseCodec.decode(W3CHttpResponseCodec.java:49)
	at org.openqa.selenium.remote.HttpCommandExecutor.execute(HttpCommandExecutor.java:158)
	at org.openqa.selenium.remote.service.DriverCommandExecutor.execute(DriverCommandExecutor.java:83)
	at org.openqa.selenium.remote.RemoteWebDriver.execute(RemoteWebDriver.java:552)
	at org.openqa.selenium.remote.RemoteWebElement.execute(RemoteWebElement.java:285)
	at org.openqa.selenium.remote.RemoteWebElement.click(RemoteWebElement.java:84)
	at org.openqa.selenium.support.pagefactory.internal.LocatingElementHandler.invoke(LocatingElementHandler.java:51)
	at jdk.proxy2/jdk.proxy2.$Proxy12.click(Unknown Source)
	at pages.AddProduct.selectItemDetails(AddProduct.java:303)
	at com.JJill.testcases.TestCases.verify_Guest_GiftcardandMajorCCasPayment_CheckoutFunctionality(TestCases.java:288)
... Removed 33 stack frames
</div> <!-- stack-trace -->
                </div> <!-- method-content -->
              </div> <!-- method -->
              <div class="method">
                <div class="method-content">
                  <a name="verify_Guest_GiftcardasPayment_CheckoutFunctionality">
                  </a> <!-- verify_Guest_GiftcardasPayment_CheckoutFunctionality -->
                  <span class="method-name">verify_Guest_GiftcardasPayment_CheckoutFunctionality</span>
                  <div class="stack-trace">org.openqa.selenium.ElementClickInterceptedException: element click intercepted: Element &lt;button class=&quot;MuiButtonBase-root MuiButton-root MuiButton-outlined jss559 jss278 jss277 jss281 undefined jss560 jss563&quot; tabindex=&quot;0&quot; type=&quot;button&quot; title=&quot;L&quot;&gt;...&lt;/button&gt; is not clickable at point (1123, 623). Other element would receive the click: &lt;iframe id=&quot;fcopt-offer-78164-content&quot; frameborder=&quot;0&quot; width=&quot;100%&quot; height=&quot;100%&quot; scrolling=&quot;no&quot; title=&quot;Click here to sign up for J.Jill emails and take $50 off your first purchase of $150&quot; src=&quot;https://api.securedvisit.com/lightbox/client/0043_00511/?fp=bedd330f9b31bce7b6ec78f62be9ad41&amp;amp;m=form&amp;amp;form_id=78164&amp;amp;promo_id=6766&amp;amp;v=1695162333293&quot; style=&quot;overflow: hidden;&quot;&gt;&lt;/iframe&gt;
  (Session info: chrome=117.0.5938.89)
Build info: version: &apos;3.141.59&apos;, revision: &apos;e82be7d358&apos;, time: &apos;2018-11-14T08:17:03&apos;
System info: host: &apos;QU2301&apos;, ip: &apos;192.168.254.66&apos;, os.name: &apos;Windows 11&apos;, os.arch: &apos;amd64&apos;, os.version: &apos;10.0&apos;, java.version: &apos;17.0.7&apos;
Driver info: org.openqa.selenium.chrome.ChromeDriver
Capabilities {acceptInsecureCerts: false, browserName: chrome, browserVersion: 117.0.5938.89, chrome: {chromedriverVersion: 117.0.5938.88 (be6afae47212..., userDataDir: C:\Users\NIKHIT~1.MUT\AppDa...}, fedcm:accounts: true, goog:chromeOptions: {debuggerAddress: localhost:64852}, javascriptEnabled: true, networkConnectionEnabled: false, pageLoadStrategy: normal, platform: WINDOWS, platformName: WINDOWS, proxy: Proxy(), setWindowRect: true, strictFileInteractability: false, timeouts: {implicit: 0, pageLoad: 300000, script: 30000}, unhandledPromptBehavior: dismiss and notify, webauthn:extension:credBlob: true, webauthn:extension:largeBlob: true, webauthn:extension:minPinLength: true, webauthn:extension:prf: true, webauthn:virtualAuthenticators: true}
Session ID: 2b2e92456f4698f406cabe45aa50d556
	at org.openqa.selenium.remote.http.W3CHttpResponseCodec.createException(W3CHttpResponseCodec.java:187)
	at org.openqa.selenium.remote.http.W3CHttpResponseCodec.decode(W3CHttpResponseCodec.java:122)
	at org.openqa.selenium.remote.http.W3CHttpResponseCodec.decode(W3CHttpResponseCodec.java:49)
	at org.openqa.selenium.remote.HttpCommandExecutor.execute(HttpCommandExecutor.java:158)
	at org.openqa.selenium.remote.service.DriverCommandExecutor.execute(DriverCommandExecutor.java:83)
	at org.openqa.selenium.remote.RemoteWebDriver.execute(RemoteWebDriver.java:552)
	at org.openqa.selenium.remote.RemoteWebElement.execute(RemoteWebElement.java:285)
	at org.openqa.selenium.remote.RemoteWebElement.click(RemoteWebElement.java:84)
	at org.openqa.selenium.support.pagefactory.internal.LocatingElementHandler.invoke(LocatingElementHandler.java:51)
	at jdk.proxy2/jdk.proxy2.$Proxy12.click(Unknown Source)
	at pages.AddProduct.selectItemDetails(AddProduct.java:299)
	at com.JJill.testcases.TestCases.verify_Guest_GiftcardasPayment_CheckoutFunctionality(TestCases.java:271)
... Removed 33 stack frames
</div> <!-- stack-trace -->
                </div> <!-- method-content -->
              </div> <!-- method -->
              <div class="method">
                <div class="method-content">
                  <a name="verify_Guest_JJCCPayment_CheckoutFunctionality">
                  </a> <!-- verify_Guest_JJCCPayment_CheckoutFunctionality -->
                  <span class="method-name">verify_Guest_JJCCPayment_CheckoutFunctionality</span>
                  <div class="stack-trace">org.openqa.selenium.ElementClickInterceptedException: element click intercepted: Element &lt;button class=&quot;MuiButtonBase-root MuiButton-root MuiButton-outlined jss654 jss278 jss277 jss281 undefined jss655 jss660&quot; tabindex=&quot;0&quot; type=&quot;button&quot; title=&quot;L&quot;&gt;...&lt;/button&gt; is not clickable at point (1123, 623). Other element would receive the click: &lt;iframe id=&quot;fcopt-offer-78164-content&quot; frameborder=&quot;0&quot; width=&quot;100%&quot; height=&quot;100%&quot; scrolling=&quot;no&quot; title=&quot;Click here to sign up for J.Jill emails and take $50 off your first purchase of $150&quot; src=&quot;https://api.securedvisit.com/lightbox/client/0043_00511/?fp=34c7e9d9b03ce7ec490e0dcd61bf5abc&amp;amp;m=form&amp;amp;form_id=78164&amp;amp;promo_id=6766&amp;amp;v=1695162354236&quot; style=&quot;overflow: hidden;&quot;&gt;&lt;/iframe&gt;
  (Session info: chrome=117.0.5938.89)
Build info: version: &apos;3.141.59&apos;, revision: &apos;e82be7d358&apos;, time: &apos;2018-11-14T08:17:03&apos;
System info: host: &apos;QU2301&apos;, ip: &apos;192.168.254.66&apos;, os.name: &apos;Windows 11&apos;, os.arch: &apos;amd64&apos;, os.version: &apos;10.0&apos;, java.version: &apos;17.0.7&apos;
Driver info: org.openqa.selenium.chrome.ChromeDriver
Capabilities {acceptInsecureCerts: false, browserName: chrome, browserVersion: 117.0.5938.89, chrome: {chromedriverVersion: 117.0.5938.88 (be6afae47212..., userDataDir: C:\Users\NIKHIT~1.MUT\AppDa...}, fedcm:accounts: true, goog:chromeOptions: {debuggerAddress: localhost:64987}, javascriptEnabled: true, networkConnectionEnabled: false, pageLoadStrategy: normal, platform: WINDOWS, platformName: WINDOWS, proxy: Proxy(), setWindowRect: true, strictFileInteractability: false, timeouts: {implicit: 0, pageLoad: 300000, script: 30000}, unhandledPromptBehavior: dismiss and notify, webauthn:extension:credBlob: true, webauthn:extension:largeBlob: true, webauthn:extension:minPinLength: true, webauthn:extension:prf: true, webauthn:virtualAuthenticators: true}
Session ID: 96b12ce57246cd6111fba690996ed954
	at org.openqa.selenium.remote.http.W3CHttpResponseCodec.createException(W3CHttpResponseCodec.java:187)
	at org.openqa.selenium.remote.http.W3CHttpResponseCodec.decode(W3CHttpResponseCodec.java:122)
	at org.openqa.selenium.remote.http.W3CHttpResponseCodec.decode(W3CHttpResponseCodec.java:49)
	at org.openqa.selenium.remote.HttpCommandExecutor.execute(HttpCommandExecutor.java:158)
	at org.openqa.selenium.remote.service.DriverCommandExecutor.execute(DriverCommandExecutor.java:83)
	at org.openqa.selenium.remote.RemoteWebDriver.execute(RemoteWebDriver.java:552)
	at org.openqa.selenium.remote.RemoteWebElement.execute(RemoteWebElement.java:285)
	at org.openqa.selenium.remote.RemoteWebElement.click(RemoteWebElement.java:84)
	at org.openqa.selenium.support.pagefactory.internal.LocatingElementHandler.invoke(LocatingElementHandler.java:51)
	at jdk.proxy2/jdk.proxy2.$Proxy12.click(Unknown Source)
	at pages.AddProduct.selectItemDetails(AddProduct.java:299)
	at com.JJill.testcases.TestCases.verify_Guest_JJCCPayment_CheckoutFunctionality(TestCases.java:308)
... Removed 33 stack frames
</div> <!-- stack-trace -->
                </div> <!-- method-content -->
              </div> <!-- method -->
              <div class="method">
                <div class="method-content">
                  <a name="verify_Guest_MajorCC_CheckoutFunctionality">
                  </a> <!-- verify_Guest_MajorCC_CheckoutFunctionality -->
                  <span class="method-name">verify_Guest_MajorCC_CheckoutFunctionality</span>
                  <div class="stack-trace">org.openqa.selenium.ElementClickInterceptedException: element click intercepted: Element &lt;button class=&quot;MuiButtonBase-root MuiButton-root MuiButton-outlined jss654 jss278 jss277 jss281 undefined jss655 jss660&quot; tabindex=&quot;0&quot; type=&quot;button&quot; title=&quot;L&quot;&gt;...&lt;/button&gt; is not clickable at point (1123, 623). Other element would receive the click: &lt;iframe id=&quot;fcopt-offer-78164-content&quot; frameborder=&quot;0&quot; width=&quot;100%&quot; height=&quot;100%&quot; scrolling=&quot;no&quot; title=&quot;Click here to sign up for J.Jill emails and take $50 off your first purchase of $150&quot; src=&quot;https://api.securedvisit.com/lightbox/client/0043_00511/?fp=f20811c1dc2748c97ef36cb33fb89aad&amp;amp;m=form&amp;amp;form_id=78164&amp;amp;promo_id=6766&amp;amp;v=1695162375255&quot; style=&quot;overflow: hidden;&quot;&gt;&lt;/iframe&gt;
  (Session info: chrome=117.0.5938.89)
Build info: version: &apos;3.141.59&apos;, revision: &apos;e82be7d358&apos;, time: &apos;2018-11-14T08:17:03&apos;
System info: host: &apos;QU2301&apos;, ip: &apos;192.168.254.66&apos;, os.name: &apos;Windows 11&apos;, os.arch: &apos;amd64&apos;, os.version: &apos;10.0&apos;, java.version: &apos;17.0.7&apos;
Driver info: org.openqa.selenium.chrome.ChromeDriver
Capabilities {acceptInsecureCerts: false, browserName: chrome, browserVersion: 117.0.5938.89, chrome: {chromedriverVersion: 117.0.5938.88 (be6afae47212..., userDataDir: C:\Users\NIKHIT~1.MUT\AppDa...}, fedcm:accounts: true, goog:chromeOptions: {debuggerAddress: localhost:65119}, javascriptEnabled: true, networkConnectionEnabled: false, pageLoadStrategy: normal, platform: WINDOWS, platformName: WINDOWS, proxy: Proxy(), setWindowRect: true, strictFileInteractability: false, timeouts: {implicit: 0, pageLoad: 300000, script: 30000}, unhandledPromptBehavior: dismiss and notify, webauthn:extension:credBlob: true, webauthn:extension:largeBlob: true, webauthn:extension:minPinLength: true, webauthn:extension:prf: true, webauthn:virtualAuthenticators: true}
Session ID: a1eb8243b2e56920b044f39430c45348
	at org.openqa.selenium.remote.http.W3CHttpResponseCodec.createException(W3CHttpResponseCodec.java:187)
	at org.openqa.selenium.remote.http.W3CHttpResponseCodec.decode(W3CHttpResponseCodec.java:122)
	at org.openqa.selenium.remote.http.W3CHttpResponseCodec.decode(W3CHttpResponseCodec.java:49)
	at org.openqa.selenium.remote.HttpCommandExecutor.execute(HttpCommandExecutor.java:158)
	at org.openqa.selenium.remote.service.DriverCommandExecutor.execute(DriverCommandExecutor.java:83)
	at org.openqa.selenium.remote.RemoteWebDriver.execute(RemoteWebDriver.java:552)
	at org.openqa.selenium.remote.RemoteWebElement.execute(RemoteWebElement.java:285)
	at org.openqa.selenium.remote.RemoteWebElement.click(RemoteWebElement.java:84)
	at org.openqa.selenium.support.pagefactory.internal.LocatingElementHandler.invoke(LocatingElementHandler.java:51)
	at jdk.proxy2/jdk.proxy2.$Proxy12.click(Unknown Source)
	at pages.AddProduct.selectItemDetails(AddProduct.java:299)
	at com.JJill.testcases.TestCases.verify_Guest_MajorCC_CheckoutFunctionality(TestCases.java:184)
... Removed 33 stack frames
</div> <!-- stack-trace -->
                </div> <!-- method-content -->
              </div> <!-- method -->
              <div class="method">
                <div class="method-content">
                  <a name="verify_Guest_PayPalfromPaymentpage_CheckoutFunctionality">
                  </a> <!-- verify_Guest_PayPalfromPaymentpage_CheckoutFunctionality -->
                  <span class="method-name">verify_Guest_PayPalfromPaymentpage_CheckoutFunctionality</span>
                  <div class="stack-trace">org.openqa.selenium.ElementClickInterceptedException: element click intercepted: Element &lt;button class=&quot;MuiButtonBase-root MuiButton-root MuiButton-outlined jss650 jss408 jss407 jss411 undefined jss651 jss656&quot; tabindex=&quot;0&quot; type=&quot;button&quot; title=&quot;L&quot;&gt;...&lt;/button&gt; is not clickable at point (1123, 623). Other element would receive the click: &lt;iframe id=&quot;fcopt-offer-78164-content&quot; frameborder=&quot;0&quot; width=&quot;100%&quot; height=&quot;100%&quot; scrolling=&quot;no&quot; title=&quot;Click here to sign up for J.Jill emails and take $50 off your first purchase of $150&quot; src=&quot;https://api.securedvisit.com/lightbox/client/0043_00511/?fp=b06e9832a97f07f0c0ed4e3eeb79bfd5&amp;amp;m=form&amp;amp;form_id=78164&amp;amp;promo_id=6766&amp;amp;v=1695162397990&quot; style=&quot;overflow: hidden;&quot;&gt;&lt;/iframe&gt;
  (Session info: chrome=117.0.5938.89)
Build info: version: &apos;3.141.59&apos;, revision: &apos;e82be7d358&apos;, time: &apos;2018-11-14T08:17:03&apos;
System info: host: &apos;QU2301&apos;, ip: &apos;192.168.254.66&apos;, os.name: &apos;Windows 11&apos;, os.arch: &apos;amd64&apos;, os.version: &apos;10.0&apos;, java.version: &apos;17.0.7&apos;
Driver info: org.openqa.selenium.chrome.ChromeDriver
Capabilities {acceptInsecureCerts: false, browserName: chrome, browserVersion: 117.0.5938.89, chrome: {chromedriverVersion: 117.0.5938.88 (be6afae47212..., userDataDir: C:\Users\NIKHIT~1.MUT\AppDa...}, fedcm:accounts: true, goog:chromeOptions: {debuggerAddress: localhost:65250}, javascriptEnabled: true, networkConnectionEnabled: false, pageLoadStrategy: normal, platform: WINDOWS, platformName: WINDOWS, proxy: Proxy(), setWindowRect: true, strictFileInteractability: false, timeouts: {implicit: 0, pageLoad: 300000, script: 30000}, unhandledPromptBehavior: dismiss and notify, webauthn:extension:credBlob: true, webauthn:extension:largeBlob: true, webauthn:extension:minPinLength: true, webauthn:extension:prf: true, webauthn:virtualAuthenticators: true}
Session ID: 0342503840654b12ab97a436981e4b8d
	at org.openqa.selenium.remote.http.W3CHttpResponseCodec.createException(W3CHttpResponseCodec.java:187)
	at org.openqa.selenium.remote.http.W3CHttpResponseCodec.decode(W3CHttpResponseCodec.java:122)
	at org.openqa.selenium.remote.http.W3CHttpResponseCodec.decode(W3CHttpResponseCodec.java:49)
	at org.openqa.selenium.remote.HttpCommandExecutor.execute(HttpCommandExecutor.java:158)
	at org.openqa.selenium.remote.service.DriverCommandExecutor.execute(DriverCommandExecutor.java:83)
	at org.openqa.selenium.remote.RemoteWebDriver.execute(RemoteWebDriver.java:552)
	at org.openqa.selenium.remote.RemoteWebElement.execute(RemoteWebElement.java:285)
	at org.openqa.selenium.remote.RemoteWebElement.click(RemoteWebElement.java:84)
	at org.openqa.selenium.support.pagefactory.internal.LocatingElementHandler.invoke(LocatingElementHandler.java:51)
	at jdk.proxy2/jdk.proxy2.$Proxy12.click(Unknown Source)
	at pages.AddProduct.selectItemDetails(AddProduct.java:299)
	at com.JJill.testcases.TestCases.verify_Guest_PayPalfromPaymentpage_CheckoutFunctionality(TestCases.java:328)
... Removed 33 stack frames
</div> <!-- stack-trace -->
                </div> <!-- method-content -->
              </div> <!-- method -->
              <div class="method">
                <div class="method-content">
                  <a name="verify_Guest_PaypalfromShoppingBagPage_CheckoutFunctionality">
                  </a> <!-- verify_Guest_PaypalfromShoppingBagPage_CheckoutFunctionality -->
                  <span class="method-name">verify_Guest_PaypalfromShoppingBagPage_CheckoutFunctionality</span>
                  <div class="stack-trace">org.openqa.selenium.ElementClickInterceptedException: element click intercepted: Element &lt;button class=&quot;MuiButtonBase-root MuiButton-root MuiButton-outlined jss654 jss278 jss277 jss281 undefined jss655 jss660&quot; tabindex=&quot;0&quot; type=&quot;button&quot; title=&quot;L&quot;&gt;...&lt;/button&gt; is not clickable at point (1123, 623). Other element would receive the click: &lt;iframe id=&quot;fcopt-offer-78164-content&quot; frameborder=&quot;0&quot; width=&quot;100%&quot; height=&quot;100%&quot; scrolling=&quot;no&quot; title=&quot;Click here to sign up for J.Jill emails and take $50 off your first purchase of $150&quot; src=&quot;https://api.securedvisit.com/lightbox/client/0043_00511/?fp=9835e535d76dc02bd45d72cd88fd4e38&amp;amp;m=form&amp;amp;form_id=78164&amp;amp;promo_id=6766&amp;amp;v=1695162420368&quot; style=&quot;overflow: hidden;&quot;&gt;&lt;/iframe&gt;
  (Session info: chrome=117.0.5938.89)
Build info: version: &apos;3.141.59&apos;, revision: &apos;e82be7d358&apos;, time: &apos;2018-11-14T08:17:03&apos;
System info: host: &apos;QU2301&apos;, ip: &apos;192.168.254.66&apos;, os.name: &apos;Windows 11&apos;, os.arch: &apos;amd64&apos;, os.version: &apos;10.0&apos;, java.version: &apos;17.0.7&apos;
Driver info: org.openqa.selenium.chrome.ChromeDriver
Capabilities {acceptInsecureCerts: false, browserName: chrome, browserVersion: 117.0.5938.89, chrome: {chromedriverVersion: 117.0.5938.88 (be6afae47212..., userDataDir: C:\Users\NIKHIT~1.MUT\AppDa...}, fedcm:accounts: true, goog:chromeOptions: {debuggerAddress: localhost:65401}, javascriptEnabled: true, networkConnectionEnabled: false, pageLoadStrategy: normal, platform: WINDOWS, platformName: WINDOWS, proxy: Proxy(), setWindowRect: true, strictFileInteractability: false, timeouts: {implicit: 0, pageLoad: 300000, script: 30000}, unhandledPromptBehavior: dismiss and notify, webauthn:extension:credBlob: true, webauthn:extension:largeBlob: true, webauthn:extension:minPinLength: true, webauthn:extension:prf: true, webauthn:virtualAuthenticators: true}
Session ID: 0176ead25a3ef0d6723ebfa2c58f9866
	at org.openqa.selenium.remote.http.W3CHttpResponseCodec.createException(W3CHttpResponseCodec.java:187)
	at org.openqa.selenium.remote.http.W3CHttpResponseCodec.decode(W3CHttpResponseCodec.java:122)
	at org.openqa.selenium.remote.http.W3CHttpResponseCodec.decode(W3CHttpResponseCodec.java:49)
	at org.openqa.selenium.remote.HttpCommandExecutor.execute(HttpCommandExecutor.java:158)
	at org.openqa.selenium.remote.service.DriverCommandExecutor.execute(DriverCommandExecutor.java:83)
	at org.openqa.selenium.remote.RemoteWebDriver.execute(RemoteWebDriver.java:552)
	at org.openqa.selenium.remote.RemoteWebElement.execute(RemoteWebElement.java:285)
	at org.openqa.selenium.remote.RemoteWebElement.click(RemoteWebElement.java:84)
	at org.openqa.selenium.support.pagefactory.internal.LocatingElementHandler.invoke(LocatingElementHandler.java:51)
	at jdk.proxy2/jdk.proxy2.$Proxy12.click(Unknown Source)
	at pages.AddProduct.selectItemDetails(AddProduct.java:299)
	at com.JJill.testcases.TestCases.verify_Guest_PaypalfromShoppingBagPage_CheckoutFunctionality(TestCases.java:348)
... Removed 33 stack frames
</div> <!-- stack-trace -->
                </div> <!-- method-content -->
              </div> <!-- method -->
              <div class="method">
                <div class="method-content">
                  <a name="verify_Registered_AddnewJJCC_ExistingPaymentcard_CheckoutFunctionality">
                  </a> <!-- verify_Registered_AddnewJJCC_ExistingPaymentcard_CheckoutFunctionality -->
                  <span class="method-name">verify_Registered_AddnewJJCC_ExistingPaymentcard_CheckoutFunctionality</span>
                  <div class="stack-trace">org.openqa.selenium.ElementClickInterceptedException: element click intercepted: Element &lt;button class=&quot;MuiButtonBase-root MuiButton-root MuiButton-outlined jss692 jss316 jss315 jss319 undefined jss693 jss698&quot; tabindex=&quot;0&quot; type=&quot;button&quot; title=&quot;L&quot;&gt;...&lt;/button&gt; is not clickable at point (1123, 623). Other element would receive the click: &lt;iframe id=&quot;fcopt-offer-78164-content&quot; frameborder=&quot;0&quot; width=&quot;100%&quot; height=&quot;100%&quot; scrolling=&quot;no&quot; title=&quot;Click here to sign up for J.Jill emails and take $50 off your first purchase of $150&quot; src=&quot;https://api.securedvisit.com/lightbox/client/0043_00511/?fp=8545c02271e0c01f73bfd3e4d4e84972&amp;amp;m=form&amp;amp;form_id=78164&amp;amp;promo_id=6766&amp;amp;v=1695162448322&quot; style=&quot;overflow: hidden;&quot;&gt;&lt;/iframe&gt;
  (Session info: chrome=117.0.5938.89)
Build info: version: &apos;3.141.59&apos;, revision: &apos;e82be7d358&apos;, time: &apos;2018-11-14T08:17:03&apos;
System info: host: &apos;QU2301&apos;, ip: &apos;192.168.254.66&apos;, os.name: &apos;Windows 11&apos;, os.arch: &apos;amd64&apos;, os.version: &apos;10.0&apos;, java.version: &apos;17.0.7&apos;
Driver info: org.openqa.selenium.chrome.ChromeDriver
Capabilities {acceptInsecureCerts: false, browserName: chrome, browserVersion: 117.0.5938.89, chrome: {chromedriverVersion: 117.0.5938.88 (be6afae47212..., userDataDir: C:\Users\NIKHIT~1.MUT\AppDa...}, fedcm:accounts: true, goog:chromeOptions: {debuggerAddress: localhost:65534}, javascriptEnabled: true, networkConnectionEnabled: false, pageLoadStrategy: normal, platform: WINDOWS, platformName: WINDOWS, proxy: Proxy(), setWindowRect: true, strictFileInteractability: false, timeouts: {implicit: 0, pageLoad: 300000, script: 30000}, unhandledPromptBehavior: dismiss and notify, webauthn:extension:credBlob: true, webauthn:extension:largeBlob: true, webauthn:extension:minPinLength: true, webauthn:extension:prf: true, webauthn:virtualAuthenticators: true}
Session ID: 6e314711056c13591cf760994e47dec5
	at org.openqa.selenium.remote.http.W3CHttpResponseCodec.createException(W3CHttpResponseCodec.java:187)
	at org.openqa.selenium.remote.http.W3CHttpResponseCodec.decode(W3CHttpResponseCodec.java:122)
	at org.openqa.selenium.remote.http.W3CHttpResponseCodec.decode(W3CHttpResponseCodec.java:49)
	at org.openqa.selenium.remote.HttpCommandExecutor.execute(HttpCommandExecutor.java:158)
	at org.openqa.selenium.remote.service.DriverCommandExecutor.execute(DriverCommandExecutor.java:83)
	at org.openqa.selenium.remote.RemoteWebDriver.execute(RemoteWebDriver.java:552)
	at org.openqa.selenium.remote.RemoteWebElement.execute(RemoteWebElement.java:285)
	at org.openqa.selenium.remote.RemoteWebElement.click(RemoteWebElement.java:84)
	at org.openqa.selenium.support.pagefactory.internal.LocatingElementHandler.invoke(LocatingElementHandler.java:51)
	at jdk.proxy2/jdk.proxy2.$Proxy12.click(Unknown Source)
	at pages.AddProduct.selectItemDetails(AddProduct.java:299)
	at com.JJill.testcases.TestCases.verify_Registered_AddnewJJCC_ExistingPaymentcard_CheckoutFunctionality(TestCases.java:217)
... Removed 33 stack frames
</div> <!-- stack-trace -->
                </div> <!-- method-content -->
              </div> <!-- method -->
              <div class="method">
                <div class="method-content">
                  <a name="verify_Registered_AddnewMajorCC_ExistingPaymentcard_CheckoutFunctionality">
                  </a> <!-- verify_Registered_AddnewMajorCC_ExistingPaymentcard_CheckoutFunctionality -->
                  <span class="method-name">verify_Registered_AddnewMajorCC_ExistingPaymentcard_CheckoutFunctionality</span>
                  <div class="stack-trace">org.openqa.selenium.ElementClickInterceptedException: element click intercepted: Element &lt;button class=&quot;MuiButtonBase-root MuiButton-root MuiButton-outlined jss688 jss446 jss445 jss449 undefined jss689 jss694&quot; tabindex=&quot;0&quot; type=&quot;button&quot; title=&quot;L&quot;&gt;...&lt;/button&gt; is not clickable at point (1123, 623). Other element would receive the click: &lt;iframe id=&quot;fcopt-offer-78164-content&quot; frameborder=&quot;0&quot; width=&quot;100%&quot; height=&quot;100%&quot; scrolling=&quot;no&quot; title=&quot;Click here to sign up for J.Jill emails and take $50 off your first purchase of $150&quot; src=&quot;https://api.securedvisit.com/lightbox/client/0043_00511/?fp=442a0a8d9323f9ad22acf5431ed417ce&amp;amp;m=form&amp;amp;form_id=78164&amp;amp;promo_id=6766&amp;amp;v=1695162479459&quot; style=&quot;overflow: hidden;&quot;&gt;&lt;/iframe&gt;
  (Session info: chrome=117.0.5938.89)
Build info: version: &apos;3.141.59&apos;, revision: &apos;e82be7d358&apos;, time: &apos;2018-11-14T08:17:03&apos;
System info: host: &apos;QU2301&apos;, ip: &apos;192.168.254.66&apos;, os.name: &apos;Windows 11&apos;, os.arch: &apos;amd64&apos;, os.version: &apos;10.0&apos;, java.version: &apos;17.0.7&apos;
Driver info: org.openqa.selenium.chrome.ChromeDriver
Capabilities {acceptInsecureCerts: false, browserName: chrome, browserVersion: 117.0.5938.89, chrome: {chromedriverVersion: 117.0.5938.88 (be6afae47212..., userDataDir: C:\Users\NIKHIT~1.MUT\AppDa...}, fedcm:accounts: true, goog:chromeOptions: {debuggerAddress: localhost:49388}, javascriptEnabled: true, networkConnectionEnabled: false, pageLoadStrategy: normal, platform: WINDOWS, platformName: WINDOWS, proxy: Proxy(), setWindowRect: true, strictFileInteractability: false, timeouts: {implicit: 0, pageLoad: 300000, script: 30000}, unhandledPromptBehavior: dismiss and notify, webauthn:extension:credBlob: true, webauthn:extension:largeBlob: true, webauthn:extension:minPinLength: true, webauthn:extension:prf: true, webauthn:virtualAuthenticators: true}
Session ID: 5856dd2f398703ffc24ce99ea506d89f
	at org.openqa.selenium.remote.http.W3CHttpResponseCodec.createException(W3CHttpResponseCodec.java:187)
	at org.openqa.selenium.remote.http.W3CHttpResponseCodec.decode(W3CHttpResponseCodec.java:122)
	at org.openqa.selenium.remote.http.W3CHttpResponseCodec.decode(W3CHttpResponseCodec.java:49)
	at org.openqa.selenium.remote.HttpCommandExecutor.execute(HttpCommandExecutor.java:158)
	at org.openqa.selenium.remote.service.DriverCommandExecutor.execute(DriverCommandExecutor.java:83)
	at org.openqa.selenium.remote.RemoteWebDriver.execute(RemoteWebDriver.java:552)
	at org.openqa.selenium.remote.RemoteWebElement.execute(RemoteWebElement.java:285)
	at org.openqa.selenium.remote.RemoteWebElement.click(RemoteWebElement.java:84)
	at org.openqa.selenium.support.pagefactory.internal.LocatingElementHandler.invoke(LocatingElementHandler.java:51)
	at jdk.proxy2/jdk.proxy2.$Proxy12.click(Unknown Source)
	at pages.AddProduct.selectItemDetails(AddProduct.java:299)
	at com.JJill.testcases.TestCases.verify_Registered_AddnewMajorCC_ExistingPaymentcard_CheckoutFunctionality(TestCases.java:199)
... Removed 33 stack frames
</div> <!-- stack-trace -->
                </div> <!-- method-content -->
              </div> <!-- method -->
              <div class="method">
                <div class="method-content">
                  <a name="verify_Registered_GiftCard_ExistingPaymentcard_CheckoutFunctionality">
                  </a> <!-- verify_Registered_GiftCard_ExistingPaymentcard_CheckoutFunctionality -->
                  <span class="method-name">verify_Registered_GiftCard_ExistingPaymentcard_CheckoutFunctionality</span>
                  <div class="stack-trace">org.openqa.selenium.ElementClickInterceptedException: element click intercepted: Element &lt;button class=&quot;MuiButtonBase-root MuiButton-root MuiButton-outlined jss688 jss446 jss445 jss449 undefined jss689 jss694&quot; tabindex=&quot;0&quot; type=&quot;button&quot; title=&quot;L&quot;&gt;...&lt;/button&gt; is not clickable at point (1123, 623). Other element would receive the click: &lt;iframe id=&quot;fcopt-offer-78164-content&quot; frameborder=&quot;0&quot; width=&quot;100%&quot; height=&quot;100%&quot; scrolling=&quot;no&quot; title=&quot;Click here to sign up for J.Jill emails and take $50 off your first purchase of $150&quot; src=&quot;https://api.securedvisit.com/lightbox/client/0043_00511/?fp=fe4db0f4c87b2cdf534d3d7692b569ec&amp;amp;m=form&amp;amp;form_id=78164&amp;amp;promo_id=6766&amp;amp;v=1695162504422&quot; style=&quot;overflow: hidden;&quot;&gt;&lt;/iframe&gt;
  (Session info: chrome=117.0.5938.89)
Build info: version: &apos;3.141.59&apos;, revision: &apos;e82be7d358&apos;, time: &apos;2018-11-14T08:17:03&apos;
System info: host: &apos;QU2301&apos;, ip: &apos;192.168.254.66&apos;, os.name: &apos;Windows 11&apos;, os.arch: &apos;amd64&apos;, os.version: &apos;10.0&apos;, java.version: &apos;17.0.7&apos;
Driver info: org.openqa.selenium.chrome.ChromeDriver
Capabilities {acceptInsecureCerts: false, browserName: chrome, browserVersion: 117.0.5938.89, chrome: {chromedriverVersion: 117.0.5938.88 (be6afae47212..., userDataDir: C:\Users\NIKHIT~1.MUT\AppDa...}, fedcm:accounts: true, goog:chromeOptions: {debuggerAddress: localhost:49901}, javascriptEnabled: true, networkConnectionEnabled: false, pageLoadStrategy: normal, platform: WINDOWS, platformName: WINDOWS, proxy: Proxy(), setWindowRect: true, strictFileInteractability: false, timeouts: {implicit: 0, pageLoad: 300000, script: 30000}, unhandledPromptBehavior: dismiss and notify, webauthn:extension:credBlob: true, webauthn:extension:largeBlob: true, webauthn:extension:minPinLength: true, webauthn:extension:prf: true, webauthn:virtualAuthenticators: true}
Session ID: d6608e9b582e9ad4e5fa079d8126780d
	at org.openqa.selenium.remote.http.W3CHttpResponseCodec.createException(W3CHttpResponseCodec.java:187)
	at org.openqa.selenium.remote.http.W3CHttpResponseCodec.decode(W3CHttpResponseCodec.java:122)
	at org.openqa.selenium.remote.http.W3CHttpResponseCodec.decode(W3CHttpResponseCodec.java:49)
	at org.openqa.selenium.remote.HttpCommandExecutor.execute(HttpCommandExecutor.java:158)
	at org.openqa.selenium.remote.service.DriverCommandExecutor.execute(DriverCommandExecutor.java:83)
	at org.openqa.selenium.remote.RemoteWebDriver.execute(RemoteWebDriver.java:552)
	at org.openqa.selenium.remote.RemoteWebElement.execute(RemoteWebElement.java:285)
	at org.openqa.selenium.remote.RemoteWebElement.click(RemoteWebElement.java:84)
	at org.openqa.selenium.support.pagefactory.internal.LocatingElementHandler.invoke(LocatingElementHandler.java:51)
	at jdk.proxy2/jdk.proxy2.$Proxy12.click(Unknown Source)
	at pages.AddProduct.selectItemDetails(AddProduct.java:299)
	at com.JJill.testcases.TestCases.verify_Registered_GiftCard_ExistingPaymentcard_CheckoutFunctionality(TestCases.java:235)
... Removed 33 stack frames
</div> <!-- stack-trace -->
                </div> <!-- method-content -->
              </div> <!-- method -->
              <div class="method">
                <div class="method-content">
                  <a name="verify_Registered_GiftCardandJJCC_ExistingPaymentcard_CheckoutFunctionality">
                  </a> <!-- verify_Registered_GiftCardandJJCC_ExistingPaymentcard_CheckoutFunctionality -->
                  <span class="method-name">verify_Registered_GiftCardandJJCC_ExistingPaymentcard_CheckoutFunctionality</span>
                  <div class="stack-trace">org.openqa.selenium.ElementClickInterceptedException: element click intercepted: Element &lt;button class=&quot;MuiButtonBase-root MuiButton-root MuiButton-outlined jss688 jss446 jss445 jss449 undefined jss689 jss694&quot; tabindex=&quot;0&quot; type=&quot;button&quot; title=&quot;L&quot;&gt;...&lt;/button&gt; is not clickable at point (1123, 623). Other element would receive the click: &lt;iframe id=&quot;fcopt-offer-78164-content&quot; frameborder=&quot;0&quot; width=&quot;100%&quot; height=&quot;100%&quot; scrolling=&quot;no&quot; title=&quot;Click here to sign up for J.Jill emails and take $50 off your first purchase of $150&quot; src=&quot;https://api.securedvisit.com/lightbox/client/0043_00511/?fp=dffdb87e60f56d0aa81271d9527536f4&amp;amp;m=form&amp;amp;form_id=78164&amp;amp;promo_id=6766&amp;amp;v=1695162531501&quot; style=&quot;overflow: hidden;&quot;&gt;&lt;/iframe&gt;
  (Session info: chrome=117.0.5938.89)
Build info: version: &apos;3.141.59&apos;, revision: &apos;e82be7d358&apos;, time: &apos;2018-11-14T08:17:03&apos;
System info: host: &apos;QU2301&apos;, ip: &apos;192.168.254.66&apos;, os.name: &apos;Windows 11&apos;, os.arch: &apos;amd64&apos;, os.version: &apos;10.0&apos;, java.version: &apos;17.0.7&apos;
Driver info: org.openqa.selenium.chrome.ChromeDriver
Capabilities {acceptInsecureCerts: false, browserName: chrome, browserVersion: 117.0.5938.89, chrome: {chromedriverVersion: 117.0.5938.88 (be6afae47212..., userDataDir: C:\Users\NIKHIT~1.MUT\AppDa...}, fedcm:accounts: true, goog:chromeOptions: {debuggerAddress: localhost:50120}, javascriptEnabled: true, networkConnectionEnabled: false, pageLoadStrategy: normal, platform: WINDOWS, platformName: WINDOWS, proxy: Proxy(), setWindowRect: true, strictFileInteractability: false, timeouts: {implicit: 0, pageLoad: 300000, script: 30000}, unhandledPromptBehavior: dismiss and notify, webauthn:extension:credBlob: true, webauthn:extension:largeBlob: true, webauthn:extension:minPinLength: true, webauthn:extension:prf: true, webauthn:virtualAuthenticators: true}
Session ID: 97a095205c82bd1d86d97d04da5483f5
	at org.openqa.selenium.remote.http.W3CHttpResponseCodec.createException(W3CHttpResponseCodec.java:187)
	at org.openqa.selenium.remote.http.W3CHttpResponseCodec.decode(W3CHttpResponseCodec.java:122)
	at org.openqa.selenium.remote.http.W3CHttpResponseCodec.decode(W3CHttpResponseCodec.java:49)
	at org.openqa.selenium.remote.HttpCommandExecutor.execute(HttpCommandExecutor.java:158)
	at org.openqa.selenium.remote.service.DriverCommandExecutor.execute(DriverCommandExecutor.java:83)
	at org.openqa.selenium.remote.RemoteWebDriver.execute(RemoteWebDriver.java:552)
	at org.openqa.selenium.remote.RemoteWebElement.execute(RemoteWebElement.java:285)
	at org.openqa.selenium.remote.RemoteWebElement.click(RemoteWebElement.java:84)
	at org.openqa.selenium.support.pagefactory.internal.LocatingElementHandler.invoke(LocatingElementHandler.java:51)
	at jdk.proxy2/jdk.proxy2.$Proxy12.click(Unknown Source)
	at pages.AddProduct.selectItemDetails(AddProduct.java:299)
	at com.JJill.testcases.TestCases.verify_Registered_GiftCardandJJCC_ExistingPaymentcard_CheckoutFunctionality(TestCases.java:252)
... Removed 33 stack frames
</div> <!-- stack-trace -->
                </div> <!-- method-content -->
              </div> <!-- method -->
              <div class="method">
                <div class="method-content">
                  <a name="verifyremoveProductsShoppingbag">
                  </a> <!-- verifyremoveProductsShoppingbag -->
                  <span class="method-name">verifyremoveProductsShoppingbag</span>
                  <div class="stack-trace">org.openqa.selenium.NoSuchElementException: no such element: Unable to locate element: {&quot;method&quot;:&quot;xpath&quot;,&quot;selector&quot;:&quot;//div[text()=&apos;bag&apos;]&quot;}
  (Session info: chrome=117.0.5938.89)
For documentation on this error, please visit: https://www.seleniumhq.org/exceptions/no_such_element.html
Build info: version: &apos;3.141.59&apos;, revision: &apos;e82be7d358&apos;, time: &apos;2018-11-14T08:17:03&apos;
System info: host: &apos;QU2301&apos;, ip: &apos;192.168.254.66&apos;, os.name: &apos;Windows 11&apos;, os.arch: &apos;amd64&apos;, os.version: &apos;10.0&apos;, java.version: &apos;17.0.7&apos;
Driver info: org.openqa.selenium.chrome.ChromeDriver
Capabilities {acceptInsecureCerts: false, browserName: chrome, browserVersion: 117.0.5938.89, chrome: {chromedriverVersion: 117.0.5938.88 (be6afae47212..., userDataDir: C:\Users\NIKHIT~1.MUT\AppDa...}, fedcm:accounts: true, goog:chromeOptions: {debuggerAddress: localhost:50258}, javascriptEnabled: true, networkConnectionEnabled: false, pageLoadStrategy: normal, platform: WINDOWS, platformName: WINDOWS, proxy: Proxy(), setWindowRect: true, strictFileInteractability: false, timeouts: {implicit: 0, pageLoad: 300000, script: 30000}, unhandledPromptBehavior: dismiss and notify, webauthn:extension:credBlob: true, webauthn:extension:largeBlob: true, webauthn:extension:minPinLength: true, webauthn:extension:prf: true, webauthn:virtualAuthenticators: true}
Session ID: c21c488b221f514107925f949c67a111
*** Element info: {Using=xpath, value=//div[text()=&apos;bag&apos;]}
	at org.openqa.selenium.remote.http.W3CHttpResponseCodec.createException(W3CHttpResponseCodec.java:187)
	at org.openqa.selenium.remote.http.W3CHttpResponseCodec.decode(W3CHttpResponseCodec.java:122)
	at org.openqa.selenium.remote.http.W3CHttpResponseCodec.decode(W3CHttpResponseCodec.java:49)
	at org.openqa.selenium.remote.HttpCommandExecutor.execute(HttpCommandExecutor.java:158)
	at org.openqa.selenium.remote.service.DriverCommandExecutor.execute(DriverCommandExecutor.java:83)
	at org.openqa.selenium.remote.RemoteWebDriver.execute(RemoteWebDriver.java:552)
	at org.openqa.selenium.remote.RemoteWebDriver.findElement(RemoteWebDriver.java:323)
	at org.openqa.selenium.remote.RemoteWebDriver.findElementByXPath(RemoteWebDriver.java:428)
	at org.openqa.selenium.By$ByXPath.findElement(By.java:353)
	at org.openqa.selenium.remote.RemoteWebDriver.findElement(RemoteWebDriver.java:315)
	at org.openqa.selenium.support.pagefactory.DefaultElementLocator.findElement(DefaultElementLocator.java:69)
	at org.openqa.selenium.support.pagefactory.internal.LocatingElementHandler.invoke(LocatingElementHandler.java:38)
	at jdk.proxy2/jdk.proxy2.$Proxy12.click(Unknown Source)
	at pages.AddProduct.selectshoppingbag(AddProduct.java:368)
	at com.JJill.testcases.TestCases.verifyremoveProductsShoppingbag(TestCases.java:103)
... Removed 30 stack frames
</div> <!-- stack-trace -->
                </div> <!-- method-content -->
              </div> <!-- method -->
            </div> <!-- main-panel-content rounded-window-bottom -->
          </div> <!-- suite-Testing_JJill_Application-class-failed -->
          <div class="suite-Testing_JJill_Application-class-passed">
            <div class="main-panel-header rounded-window-top">
              <img src="passed.png"/>
              <span class="class-name">com.JJill.testcases.TestCases</span>
            </div> <!-- main-panel-header rounded-window-top -->
            <div class="main-panel-content rounded-window-bottom">
              <div class="method">
                <div class="method-content">
                  <a name="verifyFooterFunctionality">
                  </a> <!-- verifyFooterFunctionality -->
                  <span class="method-name">verifyFooterFunctionality</span>
                </div> <!-- method-content -->
              </div> <!-- method -->
              <div class="method">
                <div class="method-content">
                  <a name="verifyHeaderFunctionality">
                  </a> <!-- verifyHeaderFunctionality -->
                  <span class="method-name">verifyHeaderFunctionality</span>
                </div> <!-- method-content -->
              </div> <!-- method -->
              <div class="method">
                <div class="method-content">
                  <a name="verifyInventoryData">
                  </a> <!-- verifyInventoryData -->
                  <span class="method-name">verifyInventoryData</span>
                </div> <!-- method-content -->
              </div> <!-- method -->
              <div class="method">
                <div class="method-content">
                  <a name="verifyMonetateBadging">
                  </a> <!-- verifyMonetateBadging -->
                  <span class="method-name">verifyMonetateBadging</span>
                </div> <!-- method-content -->
              </div> <!-- method -->
              <div class="method">
                <div class="method-content">
                  <a name="verifyPDPFunctionality">
                  </a> <!-- verifyPDPFunctionality -->
                  <span class="method-name">verifyPDPFunctionality</span>
                </div> <!-- method-content -->
              </div> <!-- method -->
              <div class="method">
                <div class="method-content">
                  <a name="verifyPLPFunctionality">
                  </a> <!-- verifyPLPFunctionality -->
                  <span class="method-name">verifyPLPFunctionality</span>
                </div> <!-- method-content -->
              </div> <!-- method -->
              <div class="method">
                <div class="method-content">
                  <a name="verifyPaginationFunctionality">
                  </a> <!-- verifyPaginationFunctionality -->
                  <span class="method-name">verifyPaginationFunctionality</span>
                </div> <!-- method-content -->
              </div> <!-- method -->
              <div class="method">
                <div class="method-content">
                  <a name="verifyQuickLookFunctionality">
                  </a> <!-- verifyQuickLookFunctionality -->
                  <span class="method-name">verifyQuickLookFunctionality</span>
                </div> <!-- method-content -->
              </div> <!-- method -->
              <div class="method">
                <div class="method-content">
                  <a name="verifySearchFunctionality">
                  </a> <!-- verifySearchFunctionality -->
                  <span class="method-name">verifySearchFunctionality</span>
                </div> <!-- method-content -->
              </div> <!-- method -->
            </div> <!-- main-panel-content rounded-window-bottom -->
          </div> <!-- suite-Testing_JJill_Application-class-passed -->
        </div> <!-- panel Testing_JJill_Application -->
        <div panel-name="test-xml-Testing_JJill_Application" class="panel">
          <div class="main-panel-header rounded-window-top">
            <span class="header-content">C:\Users\nikhitha.muthukur\git\JjillTestRepository\testng.xml</span>
          </div> <!-- main-panel-header rounded-window-top -->
          <div class="main-panel-content rounded-window-bottom">
            <pre>
&lt;?xml version=&quot;1.0&quot; encoding=&quot;UTF-8&quot;?&gt;
&lt;!DOCTYPE suite SYSTEM &quot;http://testng.org/testng-1.0.dtd&quot;&gt;
&lt;suite name=&quot;Testing JJill Application&quot; guice-stage=&quot;DEVELOPMENT&quot;&gt;
  &lt;listeners&gt;
    &lt;listener class-name=&quot;extentReportListener.ExtentReportNG&quot;/&gt;
  &lt;/listeners&gt;
  &lt;test name=&quot;Test for the JJill application&quot;&gt;
    &lt;classes&gt;
      &lt;class name=&quot;com.JJill.testcases.TestCases&quot;/&gt;
    &lt;/classes&gt;
  &lt;/test&gt; &lt;!-- Test for the JJill application --&gt;
&lt;/suite&gt; &lt;!-- Testing JJill Application --&gt;
            </pre>
          </div> <!-- main-panel-content rounded-window-bottom -->
        </div> <!-- panel -->
        <div panel-name="testlist-Testing_JJill_Application" class="panel">
          <div class="main-panel-header rounded-window-top">
            <span class="header-content">Tests for Testing JJill Application</span>
          </div> <!-- main-panel-header rounded-window-top -->
          <div class="main-panel-content rounded-window-bottom">
            <ul>
              <li>
                <span class="test-name">Test for the JJill application (1 class)</span>
              </li>
            </ul>
          </div> <!-- main-panel-content rounded-window-bottom -->
        </div> <!-- panel -->
        <div panel-name="group-Testing_JJill_Application" class="panel">
          <div class="main-panel-header rounded-window-top">
            <span class="header-content">Groups for Testing JJill Application</span>
          </div> <!-- main-panel-header rounded-window-top -->
          <div class="main-panel-content rounded-window-bottom">
            <div class="test-group">
              <span class="test-group-name">Production</span>
              <br/>
              <div class="method-in-group">
                <span class="method-in-group-name">verifyCompletetheLook</span>
                <br/>
              </div> <!-- method-in-group -->
              <div class="method-in-group">
                <span class="method-in-group-name">verifyFooterFunctionality</span>
                <br/>
              </div> <!-- method-in-group -->
              <div class="method-in-group">
                <span class="method-in-group-name">verifyHeaderFunctionality</span>
                <br/>
              </div> <!-- method-in-group -->
              <div class="method-in-group">
                <span class="method-in-group-name">verifyInventoryData</span>
                <br/>
              </div> <!-- method-in-group -->
              <div class="method-in-group">
                <span class="method-in-group-name">verifyMonetateBadging</span>
                <br/>
              </div> <!-- method-in-group -->
              <div class="method-in-group">
                <span class="method-in-group-name">verifyPDPFunctionality</span>
                <br/>
              </div> <!-- method-in-group -->
              <div class="method-in-group">
                <span class="method-in-group-name">verifyPDP_CompletetheLook</span>
                <br/>
              </div> <!-- method-in-group -->
              <div class="method-in-group">
                <span class="method-in-group-name">verifyPLPFunctionality</span>
                <br/>
              </div> <!-- method-in-group -->
              <div class="method-in-group">
                <span class="method-in-group-name">verifyPaginationFunctionality</span>
                <br/>
              </div> <!-- method-in-group -->
              <div class="method-in-group">
                <span class="method-in-group-name">verifyQuickLookFunctionality</span>
                <br/>
              </div> <!-- method-in-group -->
              <div class="method-in-group">
                <span class="method-in-group-name">verifySearchFunctionality</span>
                <br/>
              </div> <!-- method-in-group -->
              <div class="method-in-group">
                <span class="method-in-group-name">verifyShoptheLook</span>
                <br/>
              </div> <!-- method-in-group -->
            </div> <!-- test-group -->
            <div class="test-group">
              <span class="test-group-name">SmokeTest</span>
              <br/>
              <div class="method-in-group">
                <span class="method-in-group-name">verifyCompletetheLook</span>
                <br/>
              </div> <!-- method-in-group -->
              <div class="method-in-group">
                <span class="method-in-group-name">verifyFooterFunctionality</span>
                <br/>
              </div> <!-- method-in-group -->
              <div class="method-in-group">
                <span class="method-in-group-name">verifyHeaderFunctionality</span>
                <br/>
              </div> <!-- method-in-group -->
              <div class="method-in-group">
                <span class="method-in-group-name">verifyInventoryData</span>
                <br/>
              </div> <!-- method-in-group -->
              <div class="method-in-group">
                <span class="method-in-group-name">verifyMonetateBadging</span>
                <br/>
              </div> <!-- method-in-group -->
              <div class="method-in-group">
                <span class="method-in-group-name">verifyPDPFunctionality</span>
                <br/>
              </div> <!-- method-in-group -->
              <div class="method-in-group">
                <span class="method-in-group-name">verifyPDP_CompletetheLook</span>
                <br/>
              </div> <!-- method-in-group -->
              <div class="method-in-group">
                <span class="method-in-group-name">verifyPLPFunctionality</span>
                <br/>
              </div> <!-- method-in-group -->
              <div class="method-in-group">
                <span class="method-in-group-name">verifyPaginationFunctionality</span>
                <br/>
              </div> <!-- method-in-group -->
              <div class="method-in-group">
                <span class="method-in-group-name">verifyQuickLookFunctionality</span>
                <br/>
              </div> <!-- method-in-group -->
              <div class="method-in-group">
                <span class="method-in-group-name">verifySearchFunctionality</span>
                <br/>
              </div> <!-- method-in-group -->
              <div class="method-in-group">
                <span class="method-in-group-name">verifyShoptheLook</span>
                <br/>
              </div> <!-- method-in-group -->
              <div class="method-in-group">
                <span class="method-in-group-name">verifyremoveProductsShoppingbag</span>
                <br/>
              </div> <!-- method-in-group -->
            </div> <!-- test-group -->
            <div class="test-group">
              <span class="test-group-name">SmokeTest1</span>
              <br/>
              <div class="method-in-group">
                <span class="method-in-group-name">verifyForgotPasswordFunctionality</span>
                <br/>
              </div> <!-- method-in-group -->
            </div> <!-- test-group -->
            <div class="test-group">
              <span class="test-group-name">Staging</span>
              <br/>
              <div class="method-in-group">
                <span class="method-in-group-name">verify_Guest_GiftcardandMajorCCasPayment_CheckoutFunctionality</span>
                <br/>
              </div> <!-- method-in-group -->
              <div class="method-in-group">
                <span class="method-in-group-name">verify_Guest_GiftcardasPayment_CheckoutFunctionality</span>
                <br/>
              </div> <!-- method-in-group -->
              <div class="method-in-group">
                <span class="method-in-group-name">verify_Guest_JJCCPayment_CheckoutFunctionality</span>
                <br/>
              </div> <!-- method-in-group -->
              <div class="method-in-group">
                <span class="method-in-group-name">verify_Guest_MajorCC_CheckoutFunctionality</span>
                <br/>
              </div> <!-- method-in-group -->
              <div class="method-in-group">
                <span class="method-in-group-name">verify_Guest_PayPalfromPaymentpage_CheckoutFunctionality</span>
                <br/>
              </div> <!-- method-in-group -->
              <div class="method-in-group">
                <span class="method-in-group-name">verify_Guest_PaypalfromShoppingBagPage_CheckoutFunctionality</span>
                <br/>
              </div> <!-- method-in-group -->
              <div class="method-in-group">
                <span class="method-in-group-name">verify_Registered_AddnewJJCC_ExistingPaymentcard_CheckoutFunctionality</span>
                <br/>
              </div> <!-- method-in-group -->
              <div class="method-in-group">
                <span class="method-in-group-name">verify_Registered_AddnewMajorCC_ExistingPaymentcard_CheckoutFunctionality</span>
                <br/>
              </div> <!-- method-in-group -->
              <div class="method-in-group">
                <span class="method-in-group-name">verify_Registered_GiftCard_ExistingPaymentcard_CheckoutFunctionality</span>
                <br/>
              </div> <!-- method-in-group -->
              <div class="method-in-group">
                <span class="method-in-group-name">verify_Registered_GiftCardandJJCC_ExistingPaymentcard_CheckoutFunctionality</span>
                <br/>
              </div> <!-- method-in-group -->
            </div> <!-- test-group -->
            <div class="test-group">
              <span class="test-group-name">V9-16X</span>
              <br/>
              <div class="method-in-group">
                <span class="method-in-group-name">verifyCompletetheLook</span>
                <br/>
              </div> <!-- method-in-group -->
              <div class="method-in-group">
                <span class="method-in-group-name">verifyFooterFunctionality</span>
                <br/>
              </div> <!-- method-in-group -->
              <div class="method-in-group">
                <span class="method-in-group-name">verifyHeaderFunctionality</span>
                <br/>
              </div> <!-- method-in-group -->
              <div class="method-in-group">
                <span class="method-in-group-name">verifyMonetateBadging</span>
                <br/>
              </div> <!-- method-in-group -->
              <div class="method-in-group">
                <span class="method-in-group-name">verifyPDPFunctionality</span>
                <br/>
              </div> <!-- method-in-group -->
              <div class="method-in-group">
                <span class="method-in-group-name">verifyPDP_CompletetheLook</span>
                <br/>
              </div> <!-- method-in-group -->
              <div class="method-in-group">
                <span class="method-in-group-name">verifyPLPFunctionality</span>
                <br/>
              </div> <!-- method-in-group -->
              <div class="method-in-group">
                <span class="method-in-group-name">verifyPaginationFunctionality</span>
                <br/>
              </div> <!-- method-in-group -->
              <div class="method-in-group">
                <span class="method-in-group-name">verifyQuickLookFunctionality</span>
                <br/>
              </div> <!-- method-in-group -->
              <div class="method-in-group">
                <span class="method-in-group-name">verifySearchFunctionality</span>
                <br/>
              </div> <!-- method-in-group -->
            </div> <!-- test-group -->
          </div> <!-- main-panel-content rounded-window-bottom -->
        </div> <!-- panel -->
        <div panel-name="times-Testing_JJill_Application" class="panel">
          <div class="main-panel-header rounded-window-top">
            <span class="header-content">Times for Testing JJill Application</span>
          </div> <!-- main-panel-header rounded-window-top -->
          <div class="main-panel-content rounded-window-bottom">
            <div class="times-div">
              <script type="text/javascript">
suiteTableInitFunctions.push('tableData_Testing_JJill_Application');
function tableData_Testing_JJill_Application() {
var data = new google.visualization.DataTable();
data.addColumn('number', 'Number');
data.addColumn('string', 'Method');
data.addColumn('string', 'Class');
data.addColumn('number', 'Time (ms)');
data.addRows(25);
data.setCell(0, 0, 0)
data.setCell(0, 1, 'verifyMonetateBadging')
data.setCell(0, 2, 'com.JJill.testcases.TestCases')
data.setCell(0, 3, 399276);
data.setCell(1, 0, 1)
data.setCell(1, 1, 'verifyPDPFunctionality')
data.setCell(1, 2, 'com.JJill.testcases.TestCases')
data.setCell(1, 3, 248449);
data.setCell(2, 0, 2)
data.setCell(2, 1, 'verifyFooterFunctionality')
data.setCell(2, 2, 'com.JJill.testcases.TestCases')
data.setCell(2, 3, 130690);
data.setCell(3, 0, 3)
data.setCell(3, 1, 'verify_Guest_GiftcardandMajorCCasPayment_CheckoutFunctionality')
data.setCell(3, 2, 'com.JJill.testcases.TestCases')
data.setCell(3, 3, 119123);
data.setCell(4, 0, 4)
data.setCell(4, 1, 'verifyQuickLookFunctionality')
data.setCell(4, 2, 'com.JJill.testcases.TestCases')
data.setCell(4, 3, 83324);
data.setCell(5, 0, 5)
data.setCell(5, 1, 'verifyPaginationFunctionality')
data.setCell(5, 2, 'com.JJill.testcases.TestCases')
data.setCell(5, 3, 70710);
data.setCell(6, 0, 6)
data.setCell(6, 1, 'verifyInventoryData')
data.setCell(6, 2, 'com.JJill.testcases.TestCases')
data.setCell(6, 3, 66173);
data.setCell(7, 0, 7)
data.setCell(7, 1, 'verifyHeaderFunctionality')
data.setCell(7, 2, 'com.JJill.testcases.TestCases')
data.setCell(7, 3, 62282);
data.setCell(8, 0, 8)
data.setCell(8, 1, 'verifyPLPFunctionality')
data.setCell(8, 2, 'com.JJill.testcases.TestCases')
data.setCell(8, 3, 39266);
data.setCell(9, 0, 9)
data.setCell(9, 1, 'verifyCompletetheLook')
data.setCell(9, 2, 'com.JJill.testcases.TestCases')
data.setCell(9, 3, 35865);
data.setCell(10, 0, 10)
data.setCell(10, 1, 'verifyShoptheLook')
data.setCell(10, 2, 'com.JJill.testcases.TestCases')
data.setCell(10, 3, 33575);
data.setCell(11, 0, 11)
data.setCell(11, 1, 'verifyremoveProductsShoppingbag')
data.setCell(11, 2, 'com.JJill.testcases.TestCases')
data.setCell(11, 3, 31167);
data.setCell(12, 0, 12)
data.setCell(12, 1, 'verifyPDP_CompletetheLook')
data.setCell(12, 2, 'com.JJill.testcases.TestCases')
data.setCell(12, 3, 31119);
data.setCell(13, 0, 13)
data.setCell(13, 1, 'verifySearchFunctionality')
data.setCell(13, 2, 'com.JJill.testcases.TestCases')
data.setCell(13, 3, 29649);
data.setCell(14, 0, 14)
data.setCell(14, 1, 'verify_Registered_AddnewMajorCC_ExistingPaymentcard_CheckoutFunctionality')
data.setCell(14, 2, 'com.JJill.testcases.TestCases')
data.setCell(14, 3, 26274);
data.setCell(15, 0, 15)
data.setCell(15, 1, 'verify_Registered_AddnewJJCC_ExistingPaymentcard_CheckoutFunctionality')
data.setCell(15, 2, 'com.JJill.testcases.TestCases')
data.setCell(15, 3, 25739);
data.setCell(16, 0, 16)
data.setCell(16, 1, 'verify_Registered_GiftCard_ExistingPaymentcard_CheckoutFunctionality')
data.setCell(16, 2, 'com.JJill.testcases.TestCases')
data.setCell(16, 3, 22660);
data.setCell(17, 0, 17)
data.setCell(17, 1, 'verify_Registered_GiftCardandJJCC_ExistingPaymentcard_CheckoutFunctionality')
data.setCell(17, 2, 'com.JJill.testcases.TestCases')
data.setCell(17, 3, 22421);
data.setCell(18, 0, 18)
data.setCell(18, 1, 'verify_Guest_PayPalfromPaymentpage_CheckoutFunctionality')
data.setCell(18, 2, 'com.JJill.testcases.TestCases')
data.setCell(18, 3, 19172);
data.setCell(19, 0, 19)
data.setCell(19, 1, 'verify_Guest_JJCCPayment_CheckoutFunctionality')
data.setCell(19, 2, 'com.JJill.testcases.TestCases')
data.setCell(19, 3, 18494);
data.setCell(20, 0, 20)
data.setCell(20, 1, 'verify_Guest_PaypalfromShoppingBagPage_CheckoutFunctionality')
data.setCell(20, 2, 'com.JJill.testcases.TestCases')
data.setCell(20, 3, 18422);
data.setCell(21, 0, 21)
data.setCell(21, 1, 'verify_Guest_MajorCC_CheckoutFunctionality')
data.setCell(21, 2, 'com.JJill.testcases.TestCases')
data.setCell(21, 3, 17864);
data.setCell(22, 0, 22)
data.setCell(22, 1, 'verify_Guest_GiftcardasPayment_CheckoutFunctionality')
data.setCell(22, 2, 'com.JJill.testcases.TestCases')
data.setCell(22, 3, 16580);
data.setCell(23, 0, 23)
data.setCell(23, 1, 'verifyLoginInFunctionality')
data.setCell(23, 2, 'com.JJill.testcases.TestCases')
data.setCell(23, 3, 7518);
data.setCell(24, 0, 24)
data.setCell(24, 1, 'verifyForgotPasswordFunctionality')
data.setCell(24, 2, 'com.JJill.testcases.TestCases')
data.setCell(24, 3, 4961);
window.suiteTableData['Testing_JJill_Application']= { tableData: data, tableDiv: 'times-div-Testing_JJill_Application'}
return data;
}
              </script>
              <span class="suite-total-time">Total running time: 26 minutes</span>
              <div id="times-div-Testing_JJill_Application">
              </div> <!-- times-div-Testing_JJill_Application -->
            </div> <!-- times-div -->
          </div> <!-- main-panel-content rounded-window-bottom -->
        </div> <!-- panel -->
        <div panel-name="reporter-Testing_JJill_Application" class="panel">
          <div class="main-panel-header rounded-window-top">
            <span class="header-content">Reporter output for Testing JJill Application</span>
          </div> <!-- main-panel-header rounded-window-top -->
          <div class="main-panel-content rounded-window-bottom">
            <div class="reporter-method-div">
              <span class="reporter-method-name">verifyPLPFunctionality</span>
              <div class="reporter-method-output-div">
                <span class="reporter-method-output">Fetch the useremail and password from the test data sheet and set it</span>
                <span class="reporter-method-output">Fetched the useremail and password from the test data sheet successfully</span>
                <span class="reporter-method-output">Enter Username and Password</span>
                <span class="reporter-method-output">Login Successful</span>
                <span class="reporter-method-output">Select the department</span>
                <span class="reporter-method-output">Selected the department sucessfully</span>
                <span class="reporter-method-output">Validating the PLP Started</span>
                <span class="reporter-method-output">PLP Validation Sucessful</span>
                <span class="reporter-method-output">Logging out of application</span>
                <span class="reporter-method-output">Logout successful</span>
              </div> <!-- reporter-method-output-div -->
            </div> <!-- reporter-method-div -->
            <div class="reporter-method-div">
              <span class="reporter-method-name">verifySearchFunctionality</span>
              <div class="reporter-method-output-div">
                <span class="reporter-method-output">Fetch the useremail and password from the test data sheet and set it</span>
                <span class="reporter-method-output">Fetched the useremail and password from the test data sheet successfully</span>
                <span class="reporter-method-output">Enter Username and Password</span>
                <span class="reporter-method-output">Login Successful</span>
                <span class="reporter-method-output">Validating the Search Functionality Started</span>
                <span class="reporter-method-output">Fetch the search data</span>
                <span class="reporter-method-output">Fetched search data from the test data sheet successfully</span>
                <span class="reporter-method-output">Enter Search Data</span>
                <span class="reporter-method-output">Seacrh Validation Sucessful</span>
                <span class="reporter-method-output">Navigate to Home Page</span>
                <span class="reporter-method-output">Logging out of application</span>
                <span class="reporter-method-output">Logout successful</span>
              </div> <!-- reporter-method-output-div -->
            </div> <!-- reporter-method-div -->
            <div class="reporter-method-div">
              <span class="reporter-method-name">verifyMonetateBadging</span>
              <div class="reporter-method-output-div">
                <span class="reporter-method-output">Fetch the useremail and password from the test data sheet and set it</span>
                <span class="reporter-method-output">Fetched the useremail and password from the test data sheet successfully</span>
                <span class="reporter-method-output">Enter Username and Password</span>
                <span class="reporter-method-output">Login Successful</span>
                <span class="reporter-method-output">Select the department</span>
                <span class="reporter-method-output">Selected the department sucessfully</span>
                <span class="reporter-method-output">Validate the Monetate Badging</span>
                <span class="reporter-method-output">Monetate Badging validated sucessfully</span>
                <span class="reporter-method-output">Logging out of application</span>
                <span class="reporter-method-output">Logout successful</span>
              </div> <!-- reporter-method-output-div -->
            </div> <!-- reporter-method-div -->
            <div class="reporter-method-div">
              <span class="reporter-method-name">verifyFooterFunctionality</span>
              <div class="reporter-method-output-div">
                <span class="reporter-method-output">Fetch the useremail and password from the test data sheet and set it</span>
                <span class="reporter-method-output">Fetched the useremail and password from the test data sheet successfully</span>
                <span class="reporter-method-output">Enter Username and Password</span>
                <span class="reporter-method-output">Login Successful</span>
                <span class="reporter-method-output">Validate Footer Functioanality</span>
                <span class="reporter-method-output">Validated Footer Functionality successfully</span>
                <span class="reporter-method-output">Logging out of application</span>
                <span class="reporter-method-output">Logout successful</span>
              </div> <!-- reporter-method-output-div -->
            </div> <!-- reporter-method-div -->
            <div class="reporter-method-div">
              <span class="reporter-method-name">verifyHeaderFunctionality</span>
              <div class="reporter-method-output-div">
                <span class="reporter-method-output">Fetch the useremail and password from the test data sheet and set it</span>
                <span class="reporter-method-output">Fetched the useremail and password from the test data sheet successfully</span>
                <span class="reporter-method-output">Enter Username and Password</span>
                <span class="reporter-method-output">Login Successful</span>
                <span class="reporter-method-output">Validate Header Functioanality</span>
                <span class="reporter-method-output">Validated Header Functionality successfully</span>
                <span class="reporter-method-output">Logging out of application</span>
                <span class="reporter-method-output">Logout successful</span>
              </div> <!-- reporter-method-output-div -->
            </div> <!-- reporter-method-div -->
            <div class="reporter-method-div">
              <span class="reporter-method-name">verifyPDPFunctionality</span>
              <div class="reporter-method-output-div">
                <span class="reporter-method-output">Fetch the useremail and password from the test data sheet and set it</span>
                <span class="reporter-method-output">Fetched the useremail and password from the test data sheet successfully</span>
                <span class="reporter-method-output">Enter Username and Password</span>
                <span class="reporter-method-output">Login Successful</span>
                <span class="reporter-method-output">Select the Final sale department</span>
                <span class="reporter-method-output">Validating the PDP Started</span>
                <span class="reporter-method-output">Regular</span>
                <span class="reporter-method-output">Petite</span>
                <span class="reporter-method-output">Tall</span>
                <span class="reporter-method-output">grey morning</span>
                <span class="reporter-method-output">kalamata heather</span>
                <span class="reporter-method-output">XS</span>
                <span class="reporter-method-output">S</span>
                <span class="reporter-method-output">M</span>
                <span class="reporter-method-output">L</span>
                <span class="reporter-method-output">XL</span>
                <span class="reporter-method-output">2X</span>
                <span class="reporter-method-output">3X</span>
                <span class="reporter-method-output">4X</span>
                <span class="reporter-method-output">PDP Validation Sucessful</span>
                <span class="reporter-method-output">Navigate to Home Page</span>
                <span class="reporter-method-output">Logging out of application</span>
                <span class="reporter-method-output">Logout successful</span>
              </div> <!-- reporter-method-output-div -->
            </div> <!-- reporter-method-div -->
            <div class="reporter-method-div">
              <span class="reporter-method-name">verifyPaginationFunctionality</span>
              <div class="reporter-method-output-div">
                <span class="reporter-method-output">Fetch the useremail and password from the test data sheet and set it</span>
                <span class="reporter-method-output">Fetched the useremail and password from the test data sheet successfully</span>
                <span class="reporter-method-output">Enter Username and Password</span>
                <span class="reporter-method-output">Login Successful</span>
                <span class="reporter-method-output">Select the department</span>
                <span class="reporter-method-output">Selected the department sucessfully</span>
                <span class="reporter-method-output">Logging out of application</span>
                <span class="reporter-method-output">Logout successful</span>
              </div> <!-- reporter-method-output-div -->
            </div> <!-- reporter-method-div -->
            <div class="reporter-method-div">
              <span class="reporter-method-name">verifyQuickLookFunctionality</span>
              <div class="reporter-method-output-div">
                <span class="reporter-method-output">Fetch the useremail and password from the test data sheet and set it</span>
                <span class="reporter-method-output">Fetched the useremail and password from the test data sheet successfully</span>
                <span class="reporter-method-output">Enter Username and Password</span>
                <span class="reporter-method-output">Login Successful</span>
                <span class="reporter-method-output">Select the Final sale department</span>
                <span class="reporter-method-output">Validate quicklook screen</span>
                <span class="reporter-method-output">QL Bazaarvoice is not clickable</span>
                <span class="reporter-method-output">Regular</span>
                <span class="reporter-method-output">Petite</span>
                <span class="reporter-method-output">quicklook validation successful</span>
                <span class="reporter-method-output">Navigate to Home Page</span>
                <span class="reporter-method-output">Logging out of application</span>
                <span class="reporter-method-output">Logout successful</span>
              </div> <!-- reporter-method-output-div -->
            </div> <!-- reporter-method-div -->
            <div class="reporter-method-div">
              <span class="reporter-method-name">verifyInventoryData</span>
              <div class="reporter-method-output-div">
                <span class="reporter-method-output">Fetch the useremail and password from the test data sheet and set it</span>
                <span class="reporter-method-output">Fetched the useremail and password from the test data sheet successfully</span>
                <span class="reporter-method-output">Enter Username and Password</span>
                <span class="reporter-method-output">Login Successful</span>
                <span class="reporter-method-output">Select the department</span>
                <span class="reporter-method-output">Selected the department sucessfully</span>
                <span class="reporter-method-output">Validating the Out of Stock Functionality Started</span>
                <span class="reporter-method-output">Fetch the search data</span>
                <span class="reporter-method-output">Fetched search data from the test data sheet successfully</span>
                <span class="reporter-method-output">Enter Sku Data</span>
                <span class="reporter-method-output">OOS Validation Sucessful</span>
                <span class="reporter-method-output">Validating the LowInventory Functionality Started</span>
                <span class="reporter-method-output">Fetch the search data</span>
                <span class="reporter-method-output">Fetched search data from the test data sheet successfully</span>
                <span class="reporter-method-output">Enter Sku Data</span>
                <span class="reporter-method-output">LowInventory Validation Sucessful</span>
                <span class="reporter-method-output">Validating the Backordered Functionality Started</span>
                <span class="reporter-method-output">Fetch the search data</span>
                <span class="reporter-method-output">Fetched search data from the test data sheet successfully</span>
                <span class="reporter-method-output">Enter Sku Data</span>
                <span class="reporter-method-output">Backordered Validation Sucessful</span>
                <span class="reporter-method-output">Logging out of application</span>
                <span class="reporter-method-output">Logout successful</span>
              </div> <!-- reporter-method-output-div -->
            </div> <!-- reporter-method-div -->
            <div class="reporter-method-div">
              <span class="reporter-method-name">verify_Guest_GiftcardandMajorCCasPayment_CheckoutFunctionality</span>
              <div class="reporter-method-output-div">
                <span class="reporter-method-output">Select the department</span>
                <span class="reporter-method-output">Selected the department sucessfully</span>
                <span class="reporter-method-output">Select the Item</span>
              </div> <!-- reporter-method-output-div -->
            </div> <!-- reporter-method-div -->
            <div class="reporter-method-div">
              <span class="reporter-method-name">verifyShoptheLook</span>
              <div class="reporter-method-output-div">
                <span class="reporter-method-output">Fetch the useremail and password from the test data sheet and set it</span>
                <span class="reporter-method-output">Fetched the useremail and password from the test data sheet successfully</span>
                <span class="reporter-method-output">Enter Username and Password</span>
                <span class="reporter-method-output">Login Successful</span>
                <span class="reporter-method-output">Select the PDP with STL items</span>
                <span class="reporter-method-output">Fetch the search data</span>
                <span class="reporter-method-output">Fetched search data from the test data sheet successfully</span>
                <span class="reporter-method-output">Enter STL Data</span>
              </div> <!-- reporter-method-output-div -->
            </div> <!-- reporter-method-div -->
            <div class="reporter-method-div">
              <span class="reporter-method-name">verify_Guest_MajorCC_CheckoutFunctionality</span>
              <div class="reporter-method-output-div">
                <span class="reporter-method-output">Select the department</span>
                <span class="reporter-method-output">Selected the department sucessfully</span>
                <span class="reporter-method-output">Select the Item</span>
              </div> <!-- reporter-method-output-div -->
            </div> <!-- reporter-method-div -->
            <div class="reporter-method-div">
              <span class="reporter-method-name">verifyPDP_CompletetheLook</span>
              <div class="reporter-method-output-div">
                <span class="reporter-method-output">Fetch the useremail and password from the test data sheet and set it</span>
                <span class="reporter-method-output">Fetched the useremail and password from the test data sheet successfully</span>
                <span class="reporter-method-output">Enter Username and Password</span>
                <span class="reporter-method-output">Login Successful</span>
                <span class="reporter-method-output">Validating PDP and Complete the Look Size Functionality Started</span>
                <span class="reporter-method-output">Fetch the search data</span>
                <span class="reporter-method-output">Fetched search data from the test data sheet successfully</span>
                <span class="reporter-method-output">Enter CTL Data</span>
              </div> <!-- reporter-method-output-div -->
            </div> <!-- reporter-method-div -->
            <div class="reporter-method-div">
              <span class="reporter-method-name">verify_Registered_GiftCardandJJCC_ExistingPaymentcard_CheckoutFunctionality</span>
              <div class="reporter-method-output-div">
                <span class="reporter-method-output">Fetch the useremail and password from the test data sheet and set it</span>
                <span class="reporter-method-output">Fetched the useremail and password from the test data sheet successfully</span>
                <span class="reporter-method-output">Enter Username and Password</span>
                <span class="reporter-method-output">Login Successful</span>
                <span class="reporter-method-output">Select the department</span>
                <span class="reporter-method-output">Selected the department sucessfully</span>
                <span class="reporter-method-output">Select the Item</span>
              </div> <!-- reporter-method-output-div -->
            </div> <!-- reporter-method-div -->
            <div class="reporter-method-div">
              <span class="reporter-method-name">verifyForgotPasswordFunctionality</span>
              <div class="reporter-method-output-div">
                <span class="reporter-method-output">Fetch the useremail and password from the test data sheet and set it</span>
                <span class="reporter-method-output">Fetched the useremail and password from the test data sheet successfully</span>
                <span class="reporter-method-output">Enter Username</span>
              </div> <!-- reporter-method-output-div -->
            </div> <!-- reporter-method-div -->
            <div class="reporter-method-div">
              <span class="reporter-method-name">verifyLoginInFunctionality</span>
              <div class="reporter-method-output-div">
                <span class="reporter-method-output">Fetch the useremail and password from the test data sheet and set it</span>
                <span class="reporter-method-output">Fetched the useremail and password from the test data sheet successfully</span>
                <span class="reporter-method-output">Enter Username and Password</span>
                <span class="reporter-method-output">Login Successful</span>
              </div> <!-- reporter-method-output-div -->
            </div> <!-- reporter-method-div -->
            <div class="reporter-method-div">
              <span class="reporter-method-name">verify_Guest_JJCCPayment_CheckoutFunctionality</span>
              <div class="reporter-method-output-div">
                <span class="reporter-method-output">Select the department</span>
                <span class="reporter-method-output">Selected the department sucessfully</span>
                <span class="reporter-method-output">Select the Item</span>
              </div> <!-- reporter-method-output-div -->
            </div> <!-- reporter-method-div -->
            <div class="reporter-method-div">
              <span class="reporter-method-name">verifyremoveProductsShoppingbag</span>
              <div class="reporter-method-output-div">
                <span class="reporter-method-output">Fetch the useremail and password from the test data sheet and set it</span>
                <span class="reporter-method-output">Fetched the useremail and password from the test data sheet successfully</span>
                <span class="reporter-method-output">Enter Username and Password</span>
                <span class="reporter-method-output">Login Successful</span>
                <span class="reporter-method-output">Select the shoppingbag</span>
              </div> <!-- reporter-method-output-div -->
            </div> <!-- reporter-method-div -->
            <div class="reporter-method-div">
              <span class="reporter-method-name">verify_Registered_AddnewJJCC_ExistingPaymentcard_CheckoutFunctionality</span>
              <div class="reporter-method-output-div">
                <span class="reporter-method-output">Fetch the useremail and password from the test data sheet and set it</span>
                <span class="reporter-method-output">Fetched the useremail and password from the test data sheet successfully</span>
                <span class="reporter-method-output">Enter Username and Password</span>
                <span class="reporter-method-output">Login Successful</span>
                <span class="reporter-method-output">Select the department</span>
                <span class="reporter-method-output">Selected the department sucessfully</span>
                <span class="reporter-method-output">Select the Item</span>
              </div> <!-- reporter-method-output-div -->
            </div> <!-- reporter-method-div -->
            <div class="reporter-method-div">
              <span class="reporter-method-name">verify_Guest_PayPalfromPaymentpage_CheckoutFunctionality</span>
              <div class="reporter-method-output-div">
                <span class="reporter-method-output">Select the department</span>
                <span class="reporter-method-output">Selected the department sucessfully</span>
                <span class="reporter-method-output">Select the Item</span>
              </div> <!-- reporter-method-output-div -->
            </div> <!-- reporter-method-div -->
            <div class="reporter-method-div">
              <span class="reporter-method-name">verify_Registered_GiftCard_ExistingPaymentcard_CheckoutFunctionality</span>
              <div class="reporter-method-output-div">
                <span class="reporter-method-output">Fetch the useremail and password from the test data sheet and set it</span>
                <span class="reporter-method-output">Fetched the useremail and password from the test data sheet successfully</span>
                <span class="reporter-method-output">Enter Username and Password</span>
                <span class="reporter-method-output">Login Successful</span>
                <span class="reporter-method-output">Select the department</span>
                <span class="reporter-method-output">Selected the department sucessfully</span>
                <span class="reporter-method-output">Select the Item</span>
              </div> <!-- reporter-method-output-div -->
            </div> <!-- reporter-method-div -->
            <div class="reporter-method-div">
              <span class="reporter-method-name">verifyCompletetheLook</span>
              <div class="reporter-method-output-div">
                <span class="reporter-method-output">Fetch the useremail and password from the test data sheet and set it</span>
                <span class="reporter-method-output">Fetched the useremail and password from the test data sheet successfully</span>
                <span class="reporter-method-output">Enter Username and Password</span>
                <span class="reporter-method-output">Login Successful</span>
                <span class="reporter-method-output">Validating Complete the Look Functionality Started</span>
                <span class="reporter-method-output">Fetch the search data</span>
                <span class="reporter-method-output">Fetched search data from the test data sheet successfully</span>
                <span class="reporter-method-output">Enter CTL Data</span>
              </div> <!-- reporter-method-output-div -->
            </div> <!-- reporter-method-div -->
            <div class="reporter-method-div">
              <span class="reporter-method-name">verify_Guest_GiftcardasPayment_CheckoutFunctionality</span>
              <div class="reporter-method-output-div">
                <span class="reporter-method-output">Select the department</span>
                <span class="reporter-method-output">Selected the department sucessfully</span>
                <span class="reporter-method-output">Select the Item</span>
              </div> <!-- reporter-method-output-div -->
            </div> <!-- reporter-method-div -->
            <div class="reporter-method-div">
              <span class="reporter-method-name">verify_Registered_AddnewMajorCC_ExistingPaymentcard_CheckoutFunctionality</span>
              <div class="reporter-method-output-div">
                <span class="reporter-method-output">Fetch the useremail and password from the test data sheet and set it</span>
                <span class="reporter-method-output">Fetched the useremail and password from the test data sheet successfully</span>
                <span class="reporter-method-output">Enter Username and Password</span>
                <span class="reporter-method-output">Login Successful</span>
                <span class="reporter-method-output">Select the department</span>
                <span class="reporter-method-output">Selected the department sucessfully</span>
                <span class="reporter-method-output">Select the Item</span>
              </div> <!-- reporter-method-output-div -->
            </div> <!-- reporter-method-div -->
            <div class="reporter-method-div">
              <span class="reporter-method-name">verify_Guest_PaypalfromShoppingBagPage_CheckoutFunctionality</span>
              <div class="reporter-method-output-div">
                <span class="reporter-method-output">Select the department</span>
                <span class="reporter-method-output">Selected the department sucessfully</span>
                <span class="reporter-method-output">Select the Item</span>
              </div> <!-- reporter-method-output-div -->
            </div> <!-- reporter-method-div -->
          </div> <!-- main-panel-content rounded-window-bottom -->
        </div> <!-- panel -->
        <div panel-name="ignored-methods-Testing_JJill_Application" class="panel">
          <div class="main-panel-header rounded-window-top">
            <span class="header-content">0 ignored methods</span>
          </div> <!-- main-panel-header rounded-window-top -->
          <div class="main-panel-content rounded-window-bottom">
          </div> <!-- main-panel-content rounded-window-bottom -->
        </div> <!-- panel -->
        <div panel-name="chronological-Testing_JJill_Application" class="panel">
          <div class="main-panel-header rounded-window-top">
            <span class="header-content">Methods in chronological order</span>
          </div> <!-- main-panel-header rounded-window-top -->
          <div class="main-panel-content rounded-window-bottom">
            <div class="chronological-class">
              <div class="chronological-class-name">com.JJill.testcases.TestCases</div> <!-- chronological-class-name -->
              <div class="configuration-method before">
                <span class="method-name">setup</span>
                <span class="method-start">0 ms</span>
              </div> <!-- configuration-method before -->
              <div class="test-method">
                <img src="failed.png">
                </img>
                <span class="method-name">verifyCompletetheLook</span>
                <span class="method-start">4448 ms</span>
              </div> <!-- test-method -->
              <div class="configuration-method after">
                <span class="method-name">tearDown</span>
                <span class="method-start">40318 ms</span>
              </div> <!-- configuration-method after -->
              <div class="configuration-method before">
                <span class="method-name">setup</span>
                <span class="method-start">40614 ms</span>
              </div> <!-- configuration-method before -->
              <div class="test-method">
                <span class="method-name">verifyFooterFunctionality</span>
                <span class="method-start">43547 ms</span>
              </div> <!-- test-method -->
              <div class="configuration-method after">
                <span class="method-name">tearDown</span>
                <span class="method-start">174238 ms</span>
              </div> <!-- configuration-method after -->
              <div class="configuration-method before">
                <span class="method-name">setup</span>
                <span class="method-start">174516 ms</span>
              </div> <!-- configuration-method before -->
              <div class="test-method">
                <span class="method-name">verifyHeaderFunctionality</span>
                <span class="method-start">178993 ms</span>
              </div> <!-- test-method -->
              <div class="configuration-method after">
                <span class="method-name">tearDown</span>
                <span class="method-start">241276 ms</span>
              </div> <!-- configuration-method after -->
              <div class="configuration-method before">
                <span class="method-name">setup</span>
                <span class="method-start">241509 ms</span>
              </div> <!-- configuration-method before -->
              <div class="test-method">
                <img src="failed.png">
                </img>
                <span class="method-name">verifyLoginInFunctionality</span>
                <span class="method-start">244763 ms</span>
              </div> <!-- test-method -->
              <div class="configuration-method after">
                <span class="method-name">tearDown</span>
                <span class="method-start">252282 ms</span>
              </div> <!-- configuration-method after -->
              <div class="configuration-method before">
                <span class="method-name">setup</span>
                <span class="method-start">252506 ms</span>
              </div> <!-- configuration-method before -->
              <div class="test-method">
                <span class="method-name">verifyMonetateBadging</span>
                <span class="method-start">255429 ms</span>
              </div> <!-- test-method -->
              <div class="configuration-method after">
                <span class="method-name">tearDown</span>
                <span class="method-start">654706 ms</span>
              </div> <!-- configuration-method after -->
              <div class="configuration-method before">
                <span class="method-name">setup</span>
                <span class="method-start">655769 ms</span>
              </div> <!-- configuration-method before -->
              <div class="test-method">
                <span class="method-name">verifyPDPFunctionality</span>
                <span class="method-start">659136 ms</span>
              </div> <!-- test-method -->
              <div class="configuration-method after">
                <span class="method-name">tearDown</span>
                <span class="method-start">907587 ms</span>
              </div> <!-- configuration-method after -->
              <div class="configuration-method before">
                <span class="method-name">setup</span>
                <span class="method-start">907774 ms</span>
              </div> <!-- configuration-method before -->
              <div class="test-method">
                <img src="failed.png">
                </img>
                <span class="method-name">verifyPDP_CompletetheLook</span>
                <span class="method-start">910723 ms</span>
              </div> <!-- test-method -->
              <div class="configuration-method after">
                <span class="method-name">tearDown</span>
                <span class="method-start">941843 ms</span>
              </div> <!-- configuration-method after -->
              <div class="configuration-method before">
                <span class="method-name">setup</span>
                <span class="method-start">942055 ms</span>
              </div> <!-- configuration-method before -->
              <div class="test-method">
                <span class="method-name">verifyPLPFunctionality</span>
                <span class="method-start">944845 ms</span>
              </div> <!-- test-method -->
              <div class="configuration-method after">
                <span class="method-name">tearDown</span>
                <span class="method-start">984112 ms</span>
              </div> <!-- configuration-method after -->
              <div class="configuration-method before">
                <span class="method-name">setup</span>
                <span class="method-start">984747 ms</span>
              </div> <!-- configuration-method before -->
              <div class="test-method">
                <span class="method-name">verifyPaginationFunctionality</span>
                <span class="method-start">987811 ms</span>
              </div> <!-- test-method -->
              <div class="configuration-method after">
                <span class="method-name">tearDown</span>
                <span class="method-start">1058523 ms</span>
              </div> <!-- configuration-method after -->
              <div class="configuration-method before">
                <span class="method-name">setup</span>
                <span class="method-start">1059042 ms</span>
              </div> <!-- configuration-method before -->
              <div class="test-method">
                <span class="method-name">verifySearchFunctionality</span>
                <span class="method-start">1062162 ms</span>
              </div> <!-- test-method -->
              <div class="configuration-method after">
                <span class="method-name">tearDown</span>
                <span class="method-start">1091812 ms</span>
              </div> <!-- configuration-method after -->
              <div class="configuration-method before">
                <span class="method-name">setup</span>
                <span class="method-start">1092124 ms</span>
              </div> <!-- configuration-method before -->
              <div class="test-method">
                <img src="failed.png">
                </img>
                <span class="method-name">verifyShoptheLook</span>
                <span class="method-start">1096023 ms</span>
              </div> <!-- test-method -->
              <div class="configuration-method after">
                <span class="method-name">tearDown</span>
                <span class="method-start">1129601 ms</span>
              </div> <!-- configuration-method after -->
              <div class="configuration-method before">
                <span class="method-name">setup</span>
                <span class="method-start">1129853 ms</span>
              </div> <!-- configuration-method before -->
              <div class="test-method">
                <img src="failed.png">
                </img>
                <span class="method-name">verify_Guest_GiftcardandMajorCCasPayment_CheckoutFunctionality</span>
                <span class="method-start">1132811 ms</span>
              </div> <!-- test-method -->
              <div class="configuration-method after">
                <span class="method-name">tearDown</span>
                <span class="method-start">1251935 ms</span>
              </div> <!-- configuration-method after -->
              <div class="configuration-method before">
                <span class="method-name">setup</span>
                <span class="method-start">1252180 ms</span>
              </div> <!-- configuration-method before -->
              <div class="test-method">
                <img src="failed.png">
                </img>
                <span class="method-name">verify_Guest_GiftcardasPayment_CheckoutFunctionality</span>
                <span class="method-start">1255416 ms</span>
              </div> <!-- test-method -->
              <div class="configuration-method after">
                <span class="method-name">tearDown</span>
                <span class="method-start">1271997 ms</span>
              </div> <!-- configuration-method after -->
              <div class="configuration-method before">
                <span class="method-name">setup</span>
                <span class="method-start">1272230 ms</span>
              </div> <!-- configuration-method before -->
              <div class="test-method">
                <img src="failed.png">
                </img>
                <span class="method-name">verify_Guest_JJCCPayment_CheckoutFunctionality</span>
                <span class="method-start">1274570 ms</span>
              </div> <!-- test-method -->
              <div class="configuration-method after">
                <span class="method-name">tearDown</span>
                <span class="method-start">1293066 ms</span>
              </div> <!-- configuration-method after -->
              <div class="configuration-method before">
                <span class="method-name">setup</span>
                <span class="method-start">1293328 ms</span>
              </div> <!-- configuration-method before -->
              <div class="test-method">
                <img src="failed.png">
                </img>
                <span class="method-name">verify_Guest_MajorCC_CheckoutFunctionality</span>
                <span class="method-start">1296366 ms</span>
              </div> <!-- test-method -->
              <div class="configuration-method after">
                <span class="method-name">tearDown</span>
                <span class="method-start">1314233 ms</span>
              </div> <!-- configuration-method after -->
              <div class="configuration-method before">
                <span class="method-name">setup</span>
                <span class="method-start">1314615 ms</span>
              </div> <!-- configuration-method before -->
              <div class="test-method">
                <img src="failed.png">
                </img>
                <span class="method-name">verify_Guest_PayPalfromPaymentpage_CheckoutFunctionality</span>
                <span class="method-start">1317627 ms</span>
              </div> <!-- test-method -->
              <div class="configuration-method after">
                <span class="method-name">tearDown</span>
                <span class="method-start">1336800 ms</span>
              </div> <!-- configuration-method after -->
              <div class="configuration-method before">
                <span class="method-name">setup</span>
                <span class="method-start">1337099 ms</span>
              </div> <!-- configuration-method before -->
              <div class="test-method">
                <img src="failed.png">
                </img>
                <span class="method-name">verify_Guest_PaypalfromShoppingBagPage_CheckoutFunctionality</span>
                <span class="method-start">1340579 ms</span>
              </div> <!-- test-method -->
              <div class="configuration-method after">
                <span class="method-name">tearDown</span>
                <span class="method-start">1359002 ms</span>
              </div> <!-- configuration-method after -->
              <div class="configuration-method before">
                <span class="method-name">setup</span>
                <span class="method-start">1359275 ms</span>
              </div> <!-- configuration-method before -->
              <div class="test-method">
                <img src="failed.png">
                </img>
                <span class="method-name">verify_Registered_AddnewJJCC_ExistingPaymentcard_CheckoutFunctionality</span>
                <span class="method-start">1362233 ms</span>
              </div> <!-- test-method -->
              <div class="configuration-method after">
                <span class="method-name">tearDown</span>
                <span class="method-start">1387973 ms</span>
              </div> <!-- configuration-method after -->
              <div class="configuration-method before">
                <span class="method-name">setup</span>
                <span class="method-start">1388280 ms</span>
              </div> <!-- configuration-method before -->
              <div class="test-method">
                <img src="failed.png">
                </img>
                <span class="method-name">verify_Registered_AddnewMajorCC_ExistingPaymentcard_CheckoutFunctionality</span>
                <span class="method-start">1391952 ms</span>
              </div> <!-- test-method -->
              <div class="configuration-method after">
                <span class="method-name">tearDown</span>
                <span class="method-start">1418227 ms</span>
              </div> <!-- configuration-method after -->
              <div class="configuration-method before">
                <span class="method-name">setup</span>
                <span class="method-start">1418442 ms</span>
              </div> <!-- configuration-method before -->
              <div class="test-method">
                <img src="failed.png">
                </img>
                <span class="method-name">verify_Registered_GiftCard_ExistingPaymentcard_CheckoutFunctionality</span>
                <span class="method-start">1421525 ms</span>
              </div> <!-- test-method -->
              <div class="configuration-method after">
                <span class="method-name">tearDown</span>
                <span class="method-start">1444186 ms</span>
              </div> <!-- configuration-method after -->
              <div class="configuration-method before">
                <span class="method-name">setup</span>
                <span class="method-start">1444484 ms</span>
              </div> <!-- configuration-method before -->
              <div class="test-method">
                <img src="failed.png">
                </img>
                <span class="method-name">verify_Registered_GiftCardandJJCC_ExistingPaymentcard_CheckoutFunctionality</span>
                <span class="method-start">1448015 ms</span>
              </div> <!-- test-method -->
              <div class="configuration-method after">
                <span class="method-name">tearDown</span>
                <span class="method-start">1470437 ms</span>
              </div> <!-- configuration-method after -->
              <div class="configuration-method before">
                <span class="method-name">setup</span>
                <span class="method-start">1470722 ms</span>
              </div> <!-- configuration-method before -->
              <div class="test-method">
                <img src="failed.png">
                </img>
                <span class="method-name">verifyremoveProductsShoppingbag</span>
                <span class="method-start">1474211 ms</span>
              </div> <!-- test-method -->
              <div class="configuration-method after">
                <span class="method-name">tearDown</span>
                <span class="method-start">1505380 ms</span>
              </div> <!-- configuration-method after -->
              <div class="configuration-method before">
                <span class="method-name">setup</span>
                <span class="method-start">1505617 ms</span>
              </div> <!-- configuration-method before -->
              <div class="test-method">
                <span class="method-name">verifyInventoryData</span>
                <span class="method-start">1508912 ms</span>
              </div> <!-- test-method -->
              <div class="configuration-method after">
                <span class="method-name">tearDown</span>
                <span class="method-start">1575086 ms</span>
              </div> <!-- configuration-method after -->
              <div class="configuration-method before">
                <span class="method-name">setup</span>
                <span class="method-start">1575482 ms</span>
              </div> <!-- configuration-method before -->
              <div class="test-method">
                <span class="method-name">verifyQuickLookFunctionality</span>
                <span class="method-start">1578494 ms</span>
              </div> <!-- test-method -->
              <div class="configuration-method after">
                <span class="method-name">tearDown</span>
                <span class="method-start">1661819 ms</span>
              </div> <!-- configuration-method after -->
              <div class="configuration-method before">
                <span class="method-name">setup</span>
                <span class="method-start">1662153 ms</span>
              </div> <!-- configuration-method before -->
              <div class="test-method">
                <img src="failed.png">
                </img>
                <span class="method-name">verifyForgotPasswordFunctionality</span>
                <span class="method-start">1667254 ms</span>
              </div> <!-- test-method -->
              <div class="configuration-method after">
                <span class="method-name">tearDown</span>
                <span class="method-start">1672216 ms</span>
              </div> <!-- configuration-method after -->
              <div class="configuration-test after">
                <span class="method-name">closeAll</span>
                <span class="method-start">1672428 ms</span>
              </div> <!-- configuration-test after -->
          </div> <!-- main-panel-content rounded-window-bottom -->
        </div> <!-- panel -->
      </div> <!-- main-panel-root -->
    </div> <!-- wrapper -->
  </body>
</html>
